<?xml version="1.0" encoding="UTF-8"?>
<testng-results skipped="0" failed="0" total="0" passed="0">
  <reporter-output>
  </reporter-output>
  <suite name="DatabaseExtensionUnitTestSuite" duration-ms="6" started-at="2019-11-05T06:14:19Z" finished-at="2019-11-05T06:14:19Z">
    <groups>
    </groups>
    <test name="DatabaseExtensionUnitTest" duration-ms="6" started-at="2019-11-05T06:14:19Z" finished-at="2019-11-05T06:14:19Z">
    </test> <!-- DatabaseExtensionUnitTest -->
  </suite> <!-- DatabaseExtensionUnitTestSuite -->
</testng-results>
