<?xml version="1.0" encoding="UTF-8"?>
<!-- Generated by org.testng.reporters.JUnitXMLReporter -->
<testsuite hostname="DESKTOP-R5SQ9ER" name="tests" tests="625" failures="0" timestamp="5 Nov 2019 06:13:20 GMT" time="35.846" errors="0">
  <testcase name="serializeDecoratedValue" time="0.05" classname="com.google.refine.browsing.DecoratedValueTests"/>
  <testcase name="getEngineConfigRegressionTest" time="0.014" classname="com.google.refine.commands.CommandTests"/>
  <testcase name="getEngineConfigReturnsNullWithEmptyOrBadParameterValue" time="0.009" classname="com.google.refine.commands.CommandTests"/>
  <testcase name="getEngineConfigReturnsNullWithNullEngineParameter" time="0.0" classname="com.google.refine.commands.CommandTests"/>
  <testcase name="getEngineConfigThrowsWithNullParameter" time="0.0" classname="com.google.refine.commands.CommandTests"/>
  <testcase name="getEngineRegressionTest" time="0.038" classname="com.google.refine.commands.CommandTests"/>
  <testcase name="getEngineThrowsOnNullParameter" time="0.0" classname="com.google.refine.commands.CommandTests"/>
  <testcase name="getIntegerParameterWithNullParameters" time="0.0" classname="com.google.refine.commands.CommandTests"/>
  <testcase name="getIntegerParametersRegressionTest" time="0.001" classname="com.google.refine.commands.CommandTests"/>
  <testcase name="getIntegerParametersWithIncorrectParameterName" time="0.0" classname="com.google.refine.commands.CommandTests"/>
  <testcase name="getProjectThrowsIfResponseHasNoOrBrokenProjectParameter" time="0.0" classname="com.google.refine.commands.CommandTests"/>
  <testcase name="getProjectThrowsWithNullParameter" time="0.0" classname="com.google.refine.commands.CommandTests"/>
  <testcase name="testGenerateValidToken" time="0.095" classname="com.google.refine.commands.CSRFTokenFactoryTests"/>
  <testcase name="testInvalidToken" time="0.001" classname="com.google.refine.commands.CSRFTokenFactoryTests"/>
  <testcase name="testOldToken" time="0.005" classname="com.google.refine.commands.CSRFTokenFactoryTests"/>
  <testcase name="testCSRFProtection" time="0.005" classname="com.google.refine.commands.EngineDependentCommandTests"/>
  <testcase name="testJsonResponse" time="0.035" classname="com.google.refine.commands.expr.GetExpressionHistoryCommandTests"/>
  <testcase name="readXls" time="0.104" classname="com.google.refine.importers.ExcelImporterTests"/>
  <testcase name="readXlsx" time="0.347" classname="com.google.refine.importers.ExcelImporterTests"/>
  <testcase name="appendColumnName" time="0.0" classname="com.google.refine.importers.ImporterUtilitiesTests"/>
  <testcase name="appendColumnNameFromMultipleRows" time="0.0" classname="com.google.refine.importers.ImporterUtilitiesTests"/>
  <testcase name="ensureColumnsInRowExist" time="0.001" classname="com.google.refine.importers.ImporterUtilitiesTests"/>
  <testcase name="ensureColumnsInRowExistDoesExpand" time="0.0" classname="com.google.refine.importers.ImporterUtilitiesTests"/>
  <testcase name="getIntegerOption" time="0.098" classname="com.google.refine.importers.ImporterUtilitiesTests"/>
  <testcase name="getIntegerOptionReturnsDefaultOnError" time="0.001" classname="com.google.refine.importers.ImporterUtilitiesTests"/>
  <testcase name="setupColumns" time="0.001" classname="com.google.refine.importers.ImporterUtilitiesTests"/>
  <testcase name="addCellTest" time="0.001" classname="com.google.refine.importers.XmlImportUtilitiesTests"/>
  <testcase name="createColumnsFromImportTest" time="0.001" classname="com.google.refine.importers.XmlImportUtilitiesTests"/>
  <testcase name="detectPathFromTagWithNestedElementXml" time="0.07" classname="com.google.refine.importers.XmlImportUtilitiesTests"/>
  <testcase name="detectPathFromTagXmlTest" time="0.001" classname="com.google.refine.importers.XmlImportUtilitiesTests"/>
  <testcase name="detectRecordElementCanHandleWithNestedElementsXml" time="0.001" classname="com.google.refine.importers.XmlImportUtilitiesTests"/>
  <testcase name="detectRecordElementIsNullForUnfoundTagXml" time="0.001" classname="com.google.refine.importers.XmlImportUtilitiesTests"/>
  <testcase name="detectRecordElementRegressionJsonTest" time="0.001" classname="com.google.refine.importers.XmlImportUtilitiesTests"/>
  <testcase name="detectRecordElementRegressionXmlTest" time="0.002" classname="com.google.refine.importers.XmlImportUtilitiesTests"/>
  <testcase name="detectRecordElementXmlTest" time="0.001" classname="com.google.refine.importers.XmlImportUtilitiesTests"/>
  <testcase name="findRecordTestXml" time="0.003" classname="com.google.refine.importers.XmlImportUtilitiesTests"/>
  <testcase name="importTreeDataXmlTest" time="0.003" classname="com.google.refine.importers.XmlImportUtilitiesTests"/>
  <testcase name="importXmlWithVaryingStructureTest" time="0.017" classname="com.google.refine.importers.XmlImportUtilitiesTests"/>
  <testcase name="processRecordTestDuplicateColumnsXml" time="0.005" classname="com.google.refine.importers.XmlImportUtilitiesTests"/>
  <testcase name="processRecordTestNestedElementXml" time="0.003" classname="com.google.refine.importers.XmlImportUtilitiesTests"/>
  <testcase name="processRecordTestXml" time="0.009" classname="com.google.refine.importers.XmlImportUtilitiesTests"/>
  <testcase name="processSubRecordTestXml" time="0.002" classname="com.google.refine.importers.XmlImportUtilitiesTests"/>
  <testcase name="serializeFileProjectManager" time="0.11" classname="com.google.refine.io.FileProjectManagerTests"/>
  <testcase name="testIssue567" time="0.002" classname="com.google.refine.model.CacheTests"/>
  <testcase name="deserializeColumnDetail" time="0.003" classname="com.google.refine.model.recon.StandardReconConfigTests"/>
  <testcase name="deserializeReconResult" time="0.002" classname="com.google.refine.model.recon.StandardReconConfigTests"/>
  <testcase name="formulateQueryTest" time="0.048" classname="com.google.refine.model.recon.StandardReconConfigTests"/>
  <testcase name="reorderReconciliationResults" time="0.006" classname="com.google.refine.model.recon.StandardReconConfigTests"/>
  <testcase name="reorderReconciliationResultsStableSort" time="0.001" classname="com.google.refine.model.recon.StandardReconConfigTests"/>
  <testcase name="serializeStandardReconConfig" time="0.006" classname="com.google.refine.model.recon.StandardReconConfigTests"/>
  <testcase name="testComputeFeatures" time="0.001" classname="com.google.refine.model.recon.StandardReconConfigTests"/>
  <testcase name="testComputeFeaturesNullText" time="0.0" classname="com.google.refine.model.recon.StandardReconConfigTests"/>
  <testcase name="testReconstructNoIdentifierSchemaSpaces" time="0.0" classname="com.google.refine.model.recon.StandardReconConfigTests"/>
  <testcase name="testReconstructNoType" time="0.0" classname="com.google.refine.model.recon.StandardReconConfigTests"/>
  <testcase name="wordDistance" time="0.004" classname="com.google.refine.model.recon.StandardReconConfigTests"/>
  <testcase name="wordDistanceOnlyStopwords" time="0.0" classname="com.google.refine.model.recon.StandardReconConfigTests"/>
  <testcase name="serializeMassEditOperation" time="0.012" classname="com.google.refine.operations.cell.MassOperationTests"/>
  <testcase name="testReconstructEditBoolean" time="0.001" classname="com.google.refine.operations.cell.MassOperationTests"/>
  <testcase name="testReconstructEditDate" time="0.0" classname="com.google.refine.operations.cell.MassOperationTests"/>
  <testcase name="testReconstructEditEmpty" time="0.0" classname="com.google.refine.operations.cell.MassOperationTests"/>
  <testcase name="testReconstructEditMultiString" time="0.001" classname="com.google.refine.operations.cell.MassOperationTests"/>
  <testcase name="testReconstructEditNumber" time="0.001" classname="com.google.refine.operations.cell.MassOperationTests"/>
  <testcase name="testReconstructEditString" time="0.0" classname="com.google.refine.operations.cell.MassOperationTests"/>
  <testcase name="serializeDataExtensionConfig" time="0.064" classname="com.google.refine.operations.recon.ExtendDataOperationTests"/>
  <testcase name="serializeExtendDataOperation" time="0.044" classname="com.google.refine.operations.recon.ExtendDataOperationTests"/>
  <testcase name="serializeExtendDataProcess" time="0.013" classname="com.google.refine.operations.recon.ExtendDataOperationTests"/>
  <testcase name="testFetchCounts" time="1.234" classname="com.google.refine.operations.recon.ExtendDataOperationTests"/>
  <testcase name="testFetchCurrent" time="1.065" classname="com.google.refine.operations.recon.ExtendDataOperationTests"/>
  <testcase name="testFetchRecord" time="0.223" classname="com.google.refine.operations.recon.ExtendDataOperationTests"/>
  <testcase name="testFetchStrings" time="0.218" classname="com.google.refine.operations.recon.ExtendDataOperationTests"/>
  <testcase name="testFormulateQuery" time="0.026" classname="com.google.refine.operations.recon.ExtendDataOperationTests"/>
  <testcase name="serializeLongRunningProcess" time="0.003" classname="com.google.refine.process.LongRunningProcessTests"/>
  <testcase name="serializeQuickHistoryEntryProcess" time="0.002" classname="com.google.refine.process.QuickHistoryEntryProcessTests"/>
  <testcase name="canEnsureProjectSave" time="0.002" classname="com.google.refine.ProjectManagerTests"/>
  <testcase name="canFlushFromCache" time="0.003" classname="com.google.refine.ProjectManagerTests"/>
  <testcase name="canRegisterProject" time="0.001" classname="com.google.refine.ProjectManagerTests"/>
  <testcase name="canSaveAllModified" time="0.021" classname="com.google.refine.ProjectManagerTests"/>
  <testcase name="canSaveSomeModified" time="0.002" classname="com.google.refine.ProjectManagerTests"/>
  <testcase name="cannotSaveWhenBusy" time="0.001" classname="com.google.refine.ProjectManagerTests"/>
  <testcase name="doDeleteRegressionTest" time="0.01" classname="com.google.refine.RefineServletTests"/>
  <testcase name="doDeleteReturns404WhenCommandNotFound" time="0.006" classname="com.google.refine.RefineServletTests"/>
  <testcase name="doGetRegressionTest" time="0.001" classname="com.google.refine.RefineServletTests"/>
  <testcase name="doGetReturnsError404WhenCommandNotFound" time="0.001" classname="com.google.refine.RefineServletTests"/>
  <testcase name="doPostRegressionTest" time="0.001" classname="com.google.refine.RefineServletTests"/>
  <testcase name="doPostReturns404WhenCommandNotFound" time="0.0" classname="com.google.refine.RefineServletTests"/>
  <testcase name="doPutRegressionTest" time="0.001" classname="com.google.refine.RefineServletTests"/>
  <testcase name="doPutReturns404WhenCommandNotFound" time="0.0" classname="com.google.refine.RefineServletTests"/>
  <testcase name="getCommandNameHandlesBadCommandName" time="0.0" classname="com.google.refine.RefineServletTests"/>
  <testcase name="serializeBooleanCriterion" time="0.004" classname="com.google.refine.sorting.BooleanCriterionTest"/>
  <testcase name="reconstructNoFacetsProvided" time="0.001" classname="com.google.refine.browsing.EngineConfigTests"/>
  <testcase name="reconstructNullEngineConfig" time="0.0" classname="com.google.refine.browsing.EngineConfigTests"/>
  <testcase name="serializeEngineConfig" time="0.003" classname="com.google.refine.browsing.EngineConfigTests"/>
  <testcase name="serializeEngineConfigRecordMode" time="0.0" classname="com.google.refine.browsing.EngineConfigTests"/>
  <testcase name="testJsonResponse" time="0.241" classname="com.google.refine.commands.expr.GetExpressionLanguageInfoCommandTests"/>
  <testcase name="readFixedWidth" time="0.002" classname="com.google.refine.importers.FixedWidthImporterTests"/>
  <testcase name="EnsureJSONParserHandlesgetLocalNameCorrectly" time="0.001" classname="com.google.refine.importers.JsonImporterTests"/>
  <testcase name="canParseSample" time="0.001" classname="com.google.refine.importers.JsonImporterTests"/>
  <testcase name="canParseSampleWithDuplicateNestedElements" time="0.002" classname="com.google.refine.importers.JsonImporterTests"/>
  <testcase name="testCanParseLineBreak" time="0.002" classname="com.google.refine.importers.JsonImporterTests"/>
  <testcase name="testComplexJsonStructure" time="0.021" classname="com.google.refine.importers.JsonImporterTests"/>
  <testcase name="testElementWithMqlReadOutput" time="0.002" classname="com.google.refine.importers.JsonImporterTests"/>
  <testcase name="testElementWithNestedTree" time="0.001" classname="com.google.refine.importers.JsonImporterTests"/>
  <testcase name="testElementsWithVaryingStructure" time="0.003" classname="com.google.refine.importers.JsonImporterTests"/>
  <testcase name="testJSONMinimumArray" time="0.002" classname="com.google.refine.importers.JsonImporterTests"/>
  <testcase name="testJsonDatatypes" time="0.004" classname="com.google.refine.importers.JsonImporterTests"/>
  <testcase name="createProjectMetadataTest" time="0.001" classname="com.google.refine.importing.ImportingUtilitiesTests"/>
  <testcase name="testZipSlip" time="0.003" classname="com.google.refine.importing.ImportingUtilitiesTests"/>
  <testcase name="serializeProjectMetadata" time="0.026" classname="com.google.refine.io.ProjectMetadataTests"/>
  <testcase name="serializeProjectMetadataInDifferentTimezone" time="0.003" classname="com.google.refine.io.ProjectMetadataTests"/>
  <testcase name="serializeBooleanCell" time="0.015" classname="com.google.refine.model.CellTests"/>
  <testcase name="serializeCellWithRecon" time="0.001" classname="com.google.refine.model.CellTests"/>
  <testcase name="serializeCellWithString" time="0.001" classname="com.google.refine.model.CellTests"/>
  <testcase name="serializeDateCell" time="0.001" classname="com.google.refine.model.CellTests"/>
  <testcase name="serializeDatewithOffset" time="0.0" classname="com.google.refine.model.CellTests"/>
  <testcase name="serializeDoubleInfinity" time="0.001" classname="com.google.refine.model.CellTests"/>
  <testcase name="serializeDoubleNan" time="0.0" classname="com.google.refine.model.CellTests"/>
  <testcase name="serializeEmptyStringCell" time="0.001" classname="com.google.refine.model.CellTests"/>
  <testcase name="serializeErrorCell" time="0.0" classname="com.google.refine.model.CellTests"/>
  <testcase name="serializeFloatInfinity" time="0.001" classname="com.google.refine.model.CellTests"/>
  <testcase name="serializeFloatNan" time="0.0" classname="com.google.refine.model.CellTests"/>
  <testcase name="serializeLocalDate" time="0.0" classname="com.google.refine.model.CellTests"/>
  <testcase name="serializeNullCell" time="0.001" classname="com.google.refine.model.CellTests"/>
  <testcase name="serializeNumberCell" time="0.001" classname="com.google.refine.model.CellTests"/>
  <testcase name="serializeReconCandidateDouble" time="0.003" classname="com.google.refine.model.ReconCandidateTests"/>
  <testcase name="serializeReconCandidateInt" time="0.003" classname="com.google.refine.model.ReconCandidateTests"/>
  <testcase name="serializeMultiValuedCellSplitOperationWithLengths" time="0.024" classname="com.google.refine.operations.cell.SplitMultiValuedCellsTests"/>
  <testcase name="serializeMultiValuedCellSplitOperationWithSeparator" time="0.001" classname="com.google.refine.operations.cell.SplitMultiValuedCellsTests"/>
  <testcase name="testSplitMultiValuedCellsLengths" time="0.001" classname="com.google.refine.operations.cell.SplitMultiValuedCellsTests"/>
  <testcase name="testSplitMultiValuedCellsRegExSeparator" time="0.001" classname="com.google.refine.operations.cell.SplitMultiValuedCellsTests"/>
  <testcase name="testSplitMultiValuedCellsTextSeparator" time="0.006" classname="com.google.refine.operations.cell.SplitMultiValuedCellsTests"/>
  <testcase name="serializeReconClearSimilarCellsOperation" time="0.003" classname="com.google.refine.operations.recon.ReconClearSimilarCellsOperationTests"/>
  <testcase name="serializeProcessManager" time="0.01" classname="com.google.refine.process.ProcessManagerTests"/>
  <testcase name="serializeDateCriterion" time="0.002" classname="com.google.refine.sorting.DateCriterionTest"/>
  <testcase name="serializeEngine" time="0.004" classname="com.google.refine.browsing.EngineTests"/>
  <testcase name="testJsonResponse" time="0.007" classname="com.google.refine.commands.expr.GetStarredExpressionsCommandTests"/>
  <testcase name="canParseJsonld" time="1.714" classname="com.google.refine.importers.RdfTripleImporterTests"/>
  <testcase name="canParseMultiLineMultiPredicatesTriple" time="0.029" classname="com.google.refine.importers.RdfTripleImporterTests"/>
  <testcase name="canParseMultiLineTriple" time="0.002" classname="com.google.refine.importers.RdfTripleImporterTests"/>
  <testcase name="canParseN3" time="0.043" classname="com.google.refine.importers.RdfTripleImporterTests"/>
  <testcase name="canParseNTriples" time="0.003" classname="com.google.refine.importers.RdfTripleImporterTests"/>
  <testcase name="canParseRdfXml" time="0.399" classname="com.google.refine.importers.RdfTripleImporterTests"/>
  <testcase name="canParseTripleWithValue" time="0.002" classname="com.google.refine.importers.RdfTripleImporterTests"/>
  <testcase name="canParseTtl" time="0.002" classname="com.google.refine.importers.RdfTripleImporterTests"/>
  <testcase name="testApplyNewChange" time="0.004" classname="com.google.refine.model.changes.DataExtensionChangeTest"/>
  <testcase name="testApplyOldChange" time="0.005" classname="com.google.refine.model.changes.DataExtensionChangeTest"/>
  <testcase name="serializeReconStats" time="0.002" classname="com.google.refine.model.ReconStatsTests"/>
  <testcase name="testTransposeRowsIntoColumnsOperation" time="0.003" classname="com.google.refine.operations.cell.TransposeTests"/>
  <testcase name="serializeReconCopyAcrossColumnsOperation" time="0.009" classname="com.google.refine.operations.recon.ReconCopyAcrossColumnsOperationTests"/>
  <testcase name="serializeNumberCriterion" time="0.01" classname="com.google.refine.sorting.NumberCriterionTest"/>
  <testcase name="serializeListFacet" time="0.008" classname="com.google.refine.browsing.facets.ListFacetTests"/>
  <testcase name="serializeListFacetConfig" time="0.01" classname="com.google.refine.browsing.facets.ListFacetTests"/>
  <testcase name="serializeListFacetWithError" time="0.006" classname="com.google.refine.browsing.facets.ListFacetTests"/>
  <testcase name="testSelectedEmptyChoice" time="0.004" classname="com.google.refine.browsing.facets.ListFacetTests"/>
  <testcase name="testCSRFProtection" time="0.001" classname="com.google.refine.commands.expr.LogExpressionCommandTests"/>
  <testcase name="customQuoteCharacter" time="0.004" classname="com.google.refine.importers.TsvCsvImporterTests"/>
  <testcase name="customQuoteCharacter" time="0.003" classname="com.google.refine.importers.TsvCsvImporterTests"/>
  <testcase name="customQuoteCharacter" time="0.006" classname="com.google.refine.importers.TsvCsvImporterTests"/>
  <testcase name="ignoreQuotes" time="0.002" classname="com.google.refine.importers.TsvCsvImporterTests"/>
  <testcase name="ignoreQuotes" time="0.002" classname="com.google.refine.importers.TsvCsvImporterTests"/>
  <testcase name="ignoreQuotes" time="0.002" classname="com.google.refine.importers.TsvCsvImporterTests"/>
  <testcase name="readCanAddNull" time="0.003" classname="com.google.refine.importers.TsvCsvImporterTests"/>
  <testcase name="readCanAddNull" time="0.002" classname="com.google.refine.importers.TsvCsvImporterTests"/>
  <testcase name="readCanAddNull" time="0.001" classname="com.google.refine.importers.TsvCsvImporterTests"/>
  <testcase name="readCsvWithProperties" time="0.002" classname="com.google.refine.importers.TsvCsvImporterTests"/>
  <testcase name="readCsvWithPropertiesIgnoreQuotes" time="0.002" classname="com.google.refine.importers.TsvCsvImporterTests"/>
  <testcase name="readCustomColumnNames" time="0.002" classname="com.google.refine.importers.TsvCsvImporterTests"/>
  <testcase name="readCustomColumnNames" time="0.002" classname="com.google.refine.importers.TsvCsvImporterTests"/>
  <testcase name="readCustomColumnNames" time="0.002" classname="com.google.refine.importers.TsvCsvImporterTests"/>
  <testcase name="readDoesNotTrimLeadingTrailingWhitespace" time="0.002" classname="com.google.refine.importers.TsvCsvImporterTests"/>
  <testcase name="readDoesNotTrimLeadingTrailingWhitespace" time="0.002" classname="com.google.refine.importers.TsvCsvImporterTests"/>
  <testcase name="readDoesNotTrimLeadingTrailingWhitespace" time="0.002" classname="com.google.refine.importers.TsvCsvImporterTests"/>
  <testcase name="readDoesNotTrimLeadingWhitespace" time="0.003" classname="com.google.refine.importers.TsvCsvImporterTests"/>
  <testcase name="readDoesNotTrimLeadingWhitespace" time="0.002" classname="com.google.refine.importers.TsvCsvImporterTests"/>
  <testcase name="readDoesNotTrimLeadingWhitespace" time="0.002" classname="com.google.refine.importers.TsvCsvImporterTests"/>
  <testcase name="readIgnore3_Header2_Skip1" time="0.002" classname="com.google.refine.importers.TsvCsvImporterTests"/>
  <testcase name="readIgnore3_Header2_Skip1" time="0.002" classname="com.google.refine.importers.TsvCsvImporterTests"/>
  <testcase name="readIgnore3_Header2_Skip1" time="0.003" classname="com.google.refine.importers.TsvCsvImporterTests"/>
  <testcase name="readIgnore3_Header2_Skip2_limit2" time="0.003" classname="com.google.refine.importers.TsvCsvImporterTests"/>
  <testcase name="readIgnore3_Header2_Skip2_limit2" time="0.002" classname="com.google.refine.importers.TsvCsvImporterTests"/>
  <testcase name="readIgnore3_Header2_Skip2_limit2" time="0.001" classname="com.google.refine.importers.TsvCsvImporterTests"/>
  <testcase name="readIgnoreFirstLine" time="0.002" classname="com.google.refine.importers.TsvCsvImporterTests"/>
  <testcase name="readIgnoreFirstLine" time="0.004" classname="com.google.refine.importers.TsvCsvImporterTests"/>
  <testcase name="readIgnoreFirstLine" time="0.002" classname="com.google.refine.importers.TsvCsvImporterTests"/>
  <testcase name="readJustColumns" time="0.002" classname="com.google.refine.importers.TsvCsvImporterTests"/>
  <testcase name="readJustColumns" time="0.002" classname="com.google.refine.importers.TsvCsvImporterTests"/>
  <testcase name="readJustColumns" time="0.002" classname="com.google.refine.importers.TsvCsvImporterTests"/>
  <testcase name="readQuotedData" time="0.002" classname="com.google.refine.importers.TsvCsvImporterTests"/>
  <testcase name="readQuotedData" time="0.003" classname="com.google.refine.importers.TsvCsvImporterTests"/>
  <testcase name="readQuotedData" time="0.002" classname="com.google.refine.importers.TsvCsvImporterTests"/>
  <testcase name="readSimpleData_0Header_1Row" time="0.002" classname="com.google.refine.importers.TsvCsvImporterTests"/>
  <testcase name="readSimpleData_0Header_1Row" time="0.003" classname="com.google.refine.importers.TsvCsvImporterTests"/>
  <testcase name="readSimpleData_0Header_1Row" time="0.001" classname="com.google.refine.importers.TsvCsvImporterTests"/>
  <testcase name="readSimpleData_2Header_1Row" time="0.001" classname="com.google.refine.importers.TsvCsvImporterTests"/>
  <testcase name="readSimpleData_2Header_1Row" time="0.003" classname="com.google.refine.importers.TsvCsvImporterTests"/>
  <testcase name="readSimpleData_2Header_1Row" time="0.002" classname="com.google.refine.importers.TsvCsvImporterTests"/>
  <testcase name="readSimpleData_CSV_1Header_1Row" time="0.002" classname="com.google.refine.importers.TsvCsvImporterTests"/>
  <testcase name="readSimpleData_CSV_1Header_1Row" time="0.002" classname="com.google.refine.importers.TsvCsvImporterTests"/>
  <testcase name="readSimpleData_CSV_1Header_1Row" time="0.002" classname="com.google.refine.importers.TsvCsvImporterTests"/>
  <testcase name="readSimpleData_CSV_1Header_1Row_GuessValues" time="0.003" classname="com.google.refine.importers.TsvCsvImporterTests"/>
  <testcase name="readSimpleData_CSV_1Header_1Row_GuessValues" time="0.001" classname="com.google.refine.importers.TsvCsvImporterTests"/>
  <testcase name="readSimpleData_CSV_1Header_1Row_GuessValues" time="0.001" classname="com.google.refine.importers.TsvCsvImporterTests"/>
  <testcase name="readSimpleData_RowLongerThanHeader" time="0.001" classname="com.google.refine.importers.TsvCsvImporterTests"/>
  <testcase name="readSimpleData_RowLongerThanHeader" time="0.003" classname="com.google.refine.importers.TsvCsvImporterTests"/>
  <testcase name="readSimpleData_RowLongerThanHeader" time="0.001" classname="com.google.refine.importers.TsvCsvImporterTests"/>
  <testcase name="readSkipFirstDataLine" time="0.001" classname="com.google.refine.importers.TsvCsvImporterTests"/>
  <testcase name="readSkipFirstDataLine" time="0.003" classname="com.google.refine.importers.TsvCsvImporterTests"/>
  <testcase name="readSkipFirstDataLine" time="0.002" classname="com.google.refine.importers.TsvCsvImporterTests"/>
  <testcase name="readWithMultiLinedQuotedData" time="0.002" classname="com.google.refine.importers.TsvCsvImporterTests"/>
  <testcase name="readWithMultiLinedQuotedData" time="0.003" classname="com.google.refine.importers.TsvCsvImporterTests"/>
  <testcase name="readWithMultiLinedQuotedData" time="0.001" classname="com.google.refine.importers.TsvCsvImporterTests"/>
  <testcase name="readWithMultiLinedQuotedDataAndBlankLines" time="0.001" classname="com.google.refine.importers.TsvCsvImporterTests"/>
  <testcase name="readWithMultiLinedQuotedDataAndBlankLines" time="0.003" classname="com.google.refine.importers.TsvCsvImporterTests"/>
  <testcase name="readWithMultiLinedQuotedDataAndBlankLines" time="0.001" classname="com.google.refine.importers.TsvCsvImporterTests"/>
  <testcase name="testWrongReverseOrder" time="0.009" classname="com.google.refine.model.changes.MassChangeTests"/>
  <testcase name="serializeReconSaveMode" time="0.013" classname="com.google.refine.model.ReconTests"/>
  <testcase name="serializeReconSaveModeNoMatch" time="0.001" classname="com.google.refine.model.ReconTests"/>
  <testcase name="serializeReconViewMode" time="0.001" classname="com.google.refine.model.ReconTests"/>
  <testcase name="serializeColumnAdditionByFetchingURLsOperation" time="0.007" classname="com.google.refine.operations.column.ColumnAdditionByFetchingURLsOperationTests"/>
  <testcase name="serializeUrlFetchingProcess" time="0.004" classname="com.google.refine.operations.column.ColumnAdditionByFetchingURLsOperationTests"/>
  <testcase name="testHttpHeaders" time="5.001" classname="com.google.refine.operations.column.ColumnAdditionByFetchingURLsOperationTests"/>
  <testcase name="testInvalidUrl" time="5.002" classname="com.google.refine.operations.column.ColumnAdditionByFetchingURLsOperationTests"/>
  <testcase name="testUrlCaching" time="6.393" classname="com.google.refine.operations.column.ColumnAdditionByFetchingURLsOperationTests"/>
  <testcase name="serializeReconDiscardJudgmentsOperation" time="0.005" classname="com.google.refine.operations.recon.ReconDiscardJudgmentsOperationTests"/>
  <testcase name="serializeSortingConfig" time="0.003" classname="com.google.refine.sorting.SortingConfigTests"/>
  <testcase name="serializeNominalFacetChoice" time="0.001" classname="com.google.refine.browsing.facets.NominalFacetChoiceTests"/>
  <testcase name="testJsonResponse" time="0.01" classname="com.google.refine.commands.expr.PreviewExpressionCommandTests"/>
  <testcase name="testParseError" time="0.001" classname="com.google.refine.commands.expr.PreviewExpressionCommandTests"/>
  <testcase name="readSimpleData" time="0.625" classname="com.google.refine.importers.WikitextImporterTests"/>
  <testcase name="readStyledTableWithHeader" time="0.043" classname="com.google.refine.importers.WikitextImporterTests"/>
  <testcase name="readTableWithLinks" time="2.928" classname="com.google.refine.importers.WikitextImporterTests"/>
  <testcase name="readTableWithMisplacedHeaders" time="0.004" classname="com.google.refine.importers.WikitextImporterTests"/>
  <testcase name="readTableWithReferences" time="0.01" classname="com.google.refine.importers.WikitextImporterTests"/>
  <testcase name="readTableWithReferencesTemplates" time="0.005" classname="com.google.refine.importers.WikitextImporterTests"/>
  <testcase name="readTableWithSpanningCells" time="0.006" classname="com.google.refine.importers.WikitextImporterTests"/>
  <testcase name="readTableWithTemplates" time="0.014" classname="com.google.refine.importers.WikitextImporterTests"/>
  <testcase name="serializeColumnGroup" time="0.003" classname="com.google.refine.model.ColumnGroupTests"/>
  <testcase name="serializeColumnGroupWithSubgroups" time="0.0" classname="com.google.refine.model.ColumnGroupTests"/>
  <testcase name="deserializeFromString" time="0.0" classname="com.google.refine.model.ReconTypeTest"/>
  <testcase name="serializeReconType" time="0.001" classname="com.google.refine.model.ReconTypeTest"/>
  <testcase name="serializeColumnAdditionOperation" time="0.003" classname="com.google.refine.operations.column.ColumnAdditionOperationTests"/>
  <testcase name="serializeReconJudgeSimilarCellsOperation" time="0.006" classname="com.google.refine.operations.recon.ReconJudgeSimilarCellsOperationTests"/>
  <testcase name="parseProjectBeforeJDK8" time="0.001" classname="com.google.refine.util.ParsingUtilitiesTests"/>
  <testcase name="parseProjectModifiedBeforeJDK8" time="0.002" classname="com.google.refine.util.ParsingUtilitiesTests"/>
  <testcase name="strSubstitutorTest" time="0.02" classname="com.google.refine.util.ParsingUtilitiesTests"/>
  <testcase name="stringToDate" time="0.004" classname="com.google.refine.util.ParsingUtilitiesTests"/>
  <testcase name="stringToLocalDate" time="0.001" classname="com.google.refine.util.ParsingUtilitiesTests"/>
  <testcase name="stringToLocalDateNonUTC" time="0.001" classname="com.google.refine.util.ParsingUtilitiesTests"/>
  <testcase name="zonedDateTimeTest" time="0.0" classname="com.google.refine.util.ParsingUtilitiesTests"/>
  <testcase name="serializeRangeFacet" time="0.024" classname="com.google.refine.browsing.facets.RangeFacetTests"/>
  <testcase name="serializeRangeFacetConfig" time="0.002" classname="com.google.refine.browsing.facets.RangeFacetTests"/>
  <testcase name="testCSRFProtection" time="0.001" classname="com.google.refine.commands.expr.ToggleStarredExpressionCommandTests"/>
  <testcase name="testJsonResponse" time="0.014" classname="com.google.refine.commands.expr.ToggleStarredExpressionCommandTests"/>
  <testcase name="canParseDeeplyNestedSample" time="0.016" classname="com.google.refine.importers.XmlImporterTests"/>
  <testcase name="canParseSample" time="0.012" classname="com.google.refine.importers.XmlImporterTests"/>
  <testcase name="canParseSampleWithDuplicateNestedElements" time="0.016" classname="com.google.refine.importers.XmlImporterTests"/>
  <testcase name="canParseSampleWithMixedElement" time="0.004" classname="com.google.refine.importers.XmlImporterTests"/>
  <testcase name="ignoresDtds" time="0.717" classname="com.google.refine.importers.XmlImporterTests"/>
  <testcase name="testCanParseLineBreak" time="0.003" classname="com.google.refine.importers.XmlImporterTests"/>
  <testcase name="testElementWithNestedTree" time="0.002" classname="com.google.refine.importers.XmlImporterTests"/>
  <testcase name="testElementsWithVaryingStructure" time="0.003" classname="com.google.refine.importers.XmlImporterTests"/>
  <testcase name="serializeColumnModel" time="0.01" classname="com.google.refine.model.ColumnModelTests"/>
  <testcase name="serializeColumnModelEmpty" time="0.0" classname="com.google.refine.model.ColumnModelTests"/>
  <testcase name="serializeRecordModel" time="0.003" classname="com.google.refine.model.RecordModelTests"/>
  <testcase name="serializeColumnMoveOperation" time="0.002" classname="com.google.refine.operations.column.ColumnMoveOperationTests"/>
  <testcase name="serializeReconJudgeSimilarCellsOperation" time="0.0" classname="com.google.refine.operations.recon.ReconJudgeSimilarCellsTests"/>
  <testcase name="serializeReconJudgeSimilarCellsOperationMatch" time="0.001" classname="com.google.refine.operations.recon.ReconJudgeSimilarCellsTests"/>
  <testcase name="testMarkNewTopics" time="0.003" classname="com.google.refine.operations.recon.ReconJudgeSimilarCellsTests"/>
  <testcase name="danglingBackslashTest" time="0.001" classname="com.google.refine.util.PatternSyntaxExceptionParserTests"/>
  <testcase name="illegalQuantifierStatement" time="0.0" classname="com.google.refine.util.PatternSyntaxExceptionParserTests"/>
  <testcase name="quantifierMagnitudeTest" time="0.0" classname="com.google.refine.util.PatternSyntaxExceptionParserTests"/>
  <testcase name="quantifierTargetValidityTest" time="0.001" classname="com.google.refine.util.PatternSyntaxExceptionParserTests"/>
  <testcase name="rangeOrderTest" time="0.0" classname="com.google.refine.util.PatternSyntaxExceptionParserTests"/>
  <testcase name="unmatchedClosingParenthesisTest" time="0.0" classname="com.google.refine.util.PatternSyntaxExceptionParserTests"/>
  <testcase name="unmatchedOpeningCurlyBracketTest" time="0.0" classname="com.google.refine.util.PatternSyntaxExceptionParserTests"/>
  <testcase name="unmatchedOpeningParenthesisTest" time="0.0" classname="com.google.refine.util.PatternSyntaxExceptionParserTests"/>
  <testcase name="unmatchedOpeningSquareBracketTest" time="0.0" classname="com.google.refine.util.PatternSyntaxExceptionParserTests"/>
  <testcase name="serializeScatterplotFacet" time="0.418" classname="com.google.refine.browsing.facets.ScatterplotFacetTests"/>
  <testcase name="serializeScatterplotFacetConfig" time="0.017" classname="com.google.refine.browsing.facets.ScatterplotFacetTests"/>
  <testcase name="testGetToken" time="0.007" classname="com.google.refine.commands.GetCSRFTokenCommandTest"/>
  <testcase name="serializeColumn" time="0.005" classname="com.google.refine.model.ColumnTests"/>
  <testcase name="blankCell" time="0.0" classname="com.google.refine.model.RowTests"/>
  <testcase name="duplicateRow" time="0.0" classname="com.google.refine.model.RowTests"/>
  <testcase name="emptyRow" time="0.001" classname="com.google.refine.model.RowTests"/>
  <testcase name="getFlaggedField" time="0.001" classname="com.google.refine.model.RowTests"/>
  <testcase name="getStarredField" time="0.0" classname="com.google.refine.model.RowTests"/>
  <testcase name="nonBlankCell" time="0.0" classname="com.google.refine.model.RowTests"/>
  <testcase name="notEmptyRow" time="0.0" classname="com.google.refine.model.RowTests"/>
  <testcase name="saveRow" time="0.002" classname="com.google.refine.model.RowTests"/>
  <testcase name="saveRowWithRecordIndex" time="0.001" classname="com.google.refine.model.RowTests"/>
  <testcase name="serializeRowTest" time="0.002" classname="com.google.refine.model.RowTests"/>
  <testcase name="toStringTest" time="0.0" classname="com.google.refine.model.RowTests"/>
  <testcase name="serializeColumnRemovalOperation" time="0.002" classname="com.google.refine.operations.column.ColumnRemovalOperationTests"/>
  <testcase name="serializeReconMarkNewTopicsOperation" time="0.003" classname="com.google.refine.operations.recon.ReconMarkNewTopicsOperationTests"/>
  <testcase name="serializeTextSearchFacet" time="0.001" classname="com.google.refine.browsing.facets.TextSearchFacetTests"/>
  <testcase name="serializeTextSearchFacetConfig" time="0.001" classname="com.google.refine.browsing.facets.TextSearchFacetTests"/>
  <testcase name="testCaseSensitiveFilter" time="0.0" classname="com.google.refine.browsing.facets.TextSearchFacetTests"/>
  <testcase name="testInvertedTextFilter" time="0.002" classname="com.google.refine.browsing.facets.TextSearchFacetTests"/>
  <testcase name="testRegExFilter" time="0.0" classname="com.google.refine.browsing.facets.TextSearchFacetTests"/>
  <testcase name="testTextFilter" time="0.0" classname="com.google.refine.browsing.facets.TextSearchFacetTests"/>
  <testcase name="testCSRFProtection" time="0.002" classname="com.google.refine.commands.history.ApplyOperationsCommandTests"/>
  <testcase name="serializeBlankDownOperation" time="0.003" classname="com.google.refine.operations.cell.BlankDownTests"/>
  <testcase name="testBlankDownRecords" time="0.001" classname="com.google.refine.operations.cell.BlankDownTests"/>
  <testcase name="testBlankDownRows" time="0.0" classname="com.google.refine.operations.cell.BlankDownTests"/>
  <testcase name="testKeyColumnIndex" time="0.0" classname="com.google.refine.operations.cell.BlankDownTests"/>
  <testcase name="serializeColumnRenameOperation" time="0.003" classname="com.google.refine.operations.column.ColumnRenameOperationTests"/>
  <testcase name="serializeReconMatchBestCandidatesOperation" time="0.023" classname="com.google.refine.operations.recon.ReconMatchBestCandidatesOperationTests"/>
  <testcase name="serializeTimeRangeFacet" time="0.005" classname="com.google.refine.browsing.facets.TimeRangeFacetTests"/>
  <testcase name="serializeTimeRangeFacetConfig" time="0.001" classname="com.google.refine.browsing.facets.TimeRangeFacetTests"/>
  <testcase name="testCSRFProtection" time="0.001" classname="com.google.refine.commands.history.CancelProcessesCommandTests"/>
  <testcase name="serializeFillDownOperation" time="0.002" classname="com.google.refine.operations.cell.FillDownTests"/>
  <testcase name="testFillDownRecordKey" time="0.001" classname="com.google.refine.operations.cell.FillDownTests"/>
  <testcase name="testFillDownRecords" time="0.001" classname="com.google.refine.operations.cell.FillDownTests"/>
  <testcase name="testFillDownRows" time="0.0" classname="com.google.refine.operations.cell.FillDownTests"/>
  <testcase name="testKeyColumnIndex" time="0.001" classname="com.google.refine.operations.cell.FillDownTests"/>
  <testcase name="serializeColumnReorderOperation" time="0.001" classname="com.google.refine.operations.column.ColumnReorderOperationTests"/>
  <testcase name="testEraseCellsOnRemovedColumns" time="0.001" classname="com.google.refine.operations.column.ColumnReorderOperationTests"/>
  <testcase name="serializeReconMatchSpecificTopicOperation" time="0.004" classname="com.google.refine.operations.recon.ReconMatchSpecificTopicOperationTests"/>
  <testcase name="expressionNominalValueGrouperDates" time="0.0" classname="com.google.refine.browsing.util.ExpressionNominalValueGrouperTests"/>
  <testcase name="expressionNominalValueGrouperInts" time="0.0" classname="com.google.refine.browsing.util.ExpressionNominalValueGrouperTests"/>
  <testcase name="expressionNominalValueGrouperStrings" time="0.001" classname="com.google.refine.browsing.util.ExpressionNominalValueGrouperTests"/>
  <testcase name="testCSRFProtection" time="0.0" classname="com.google.refine.commands.history.UndoRedoCommandTests"/>
  <testcase name="serializeMultiValuedCellJoinOperation" time="0.002" classname="com.google.refine.operations.cell.JoinMultiValuedCellsTests"/>
  <testcase name="testJoinMultiValuedCells" time="0.0" classname="com.google.refine.operations.cell.JoinMultiValuedCellsTests"/>
  <testcase name="testJoinMultiValuedCellsMultipleSpaces" time="0.001" classname="com.google.refine.operations.cell.JoinMultiValuedCellsTests"/>
  <testcase name="serializeColumnSplitOperationByLengths" time="0.004" classname="com.google.refine.operations.column.ColumnSplitOperationTests"/>
  <testcase name="serializeColumnSplitOperationBySeparator" time="0.002" classname="com.google.refine.operations.column.ColumnSplitOperationTests"/>
  <testcase name="serializeReconOperation" time="0.002" classname="com.google.refine.operations.recon.ReconOperationTests"/>
  <testcase name="serializeReconProcess" time="0.004" classname="com.google.refine.operations.recon.ReconOperationTests"/>
  <testcase name="testNoLonelyClusters" time="0.026" classname="com.google.refine.clustering.binning.BinningClustererTests"/>
  <testcase name="testSerializeBinningClusterer" time="0.006" classname="com.google.refine.clustering.binning.BinningClustererTests"/>
  <testcase name="testSerializeBinningClustererConfig" time="0.004" classname="com.google.refine.clustering.binning.BinningClustererTests"/>
  <testcase name="testSerializeBinningClustererConfigWithNgrams" time="0.001" classname="com.google.refine.clustering.binning.BinningClustererTests"/>
  <testcase name="testCSRFProtection" time="0.0" classname="com.google.refine.commands.importing.CancelImportingJobCommandTests"/>
  <testcase name="serializeKeyValueColumnizeOperation" time="0.004" classname="com.google.refine.operations.cell.KeyValueColumnizeTests"/>
  <testcase name="testKeyValueColumnize" time="0.03" classname="com.google.refine.operations.cell.KeyValueColumnizeTests"/>
  <testcase name="testKeyValueColumnizeWithID" time="0.099" classname="com.google.refine.operations.cell.KeyValueColumnizeTests"/>
  <testcase name="serializeReconUseValuesAsIdentifiersOperation" time="0.002" classname="com.google.refine.operations.recon.ReconUseValuesAsIdsOperationTests"/>
  <testcase name="testUseValuesAsIds" time="0.003" classname="com.google.refine.operations.recon.ReconUseValuesAsIdsOperationTests"/>
  <testcase name="testFingerprintKeyer" time="0.004" classname="com.google.refine.clustering.binning.KeyerTests"/>
  <testcase name="testInvalidParams" time="0.0" classname="com.google.refine.clustering.binning.KeyerTests"/>
  <testcase name="testNGramKeyer" time="0.001" classname="com.google.refine.clustering.binning.KeyerTests"/>
  <testcase name="testCSRFProtection" time="0.0" classname="com.google.refine.commands.importing.CreateImportingJobCommandTests"/>
  <testcase name="serializeDenormalizeOperation" time="0.001" classname="com.google.refine.operations.row.DenormalizeOperationTests"/>
  <testcase name="serializekNNClusterer" time="0.059" classname="com.google.refine.clustering.knn.kNNClustererTests"/>
  <testcase name="serializekNNClustererConfig" time="0.002" classname="com.google.refine.clustering.knn.kNNClustererTests"/>
  <testcase name="testNoLonelyclusters" time="0.003" classname="com.google.refine.clustering.knn.kNNClustererTests"/>
  <testcase name="testCSRFProtection" time="0.001" classname="com.google.refine.commands.importing.ImportingControllerCommandTests"/>
  <testcase name="serializeRowFlagOperation" time="0.002" classname="com.google.refine.operations.row.RowFlagOperationTests"/>
  <testcase name="testGetFunctionsAndKeyers" time="0.015" classname="com.google.refine.commands.browsing.GetClusteringFunctionsAndDistancesCommandTest"/>
  <testcase name="testLoadLanguages" time="0.007" classname="com.google.refine.commands.lang.LoadLanguageCommandTests"/>
  <testcase name="serializeRowRemovalOperation" time="0.001" classname="com.google.refine.operations.row.RowRemovalOperationTests"/>
  <testcase name="testParseConfig" time="0.001" classname="com.google.refine.commands.browsing.ScatterplotDrawCommandTests"/>
  <testcase name="testParseConfigWithNone" time="0.0" classname="com.google.refine.commands.browsing.ScatterplotDrawCommandTests"/>
  <testcase name="testCSRFProtection" time="0.0" classname="com.google.refine.commands.OpenWorkspaceDirCommandTests"/>
  <testcase name="serializeRowReorderOperation" time="0.002" classname="com.google.refine.operations.row.RowReorderOperationTests"/>
  <testcase name="testSortEmptyString" time="0.001" classname="com.google.refine.operations.row.RowReorderOperationTests"/>
  <testcase name="testEditOneCell" time="0.004" classname="com.google.refine.commands.cell.EditOneCellCommandTests"/>
  <testcase name="testMissingCSRFToken" time="0.001" classname="com.google.refine.commands.cell.EditOneCellCommandTests"/>
  <testcase name="testCSRFProtection" time="0.0" classname="com.google.refine.commands.project.ImportProjectCommandTests"/>
  <testcase name="serializeRowStarOperation" time="0.002" classname="com.google.refine.operations.row.RowStarOperationTests"/>
  <testcase name="testCSRFProtection" time="0.001" classname="com.google.refine.commands.cell.JoinMultiValueCellsCommandTests"/>
  <testcase name="testCSRFProtection" time="0.001" classname="com.google.refine.commands.project.RenameProjectCommandTests"/>
  <testcase name="serializePreferenceStore" time="0.002" classname="com.google.refine.preference.PreferenceStoreTests"/>
  <testcase name="testCSRFProtection" time="0.001" classname="com.google.refine.commands.cell.KeyValueColumnizeCommandTests"/>
  <testcase name="doPostThrowsIfCommand_getProjectReturnsNull" time="0.002" classname="com.google.refine.commands.project.SetProjectMetadataCommandTests"/>
  <testcase name="setMetadataTest" time="0.001" classname="com.google.refine.commands.project.SetProjectMetadataCommandTests"/>
  <testcase name="setUserMetadataFieldTest" time="0.002" classname="com.google.refine.commands.project.SetProjectMetadataCommandTests"/>
  <testcase name="serializeTopList" time="0.002" classname="com.google.refine.preference.TopListTests"/>
  <testcase name="testCSRFProtection" time="0.002" classname="com.google.refine.commands.cell.SplitMultiValueCellsCommandTests"/>
  <testcase name="testCSRFProtection" time="0.001" classname="com.google.refine.commands.project.SetProjectTagsCommandTests"/>
  <testcase name="serializeHistoryProcess" time="0.001" classname="com.google.refine.process.HistoryProcessTests"/>
  <testcase name="testCSRFProtection" time="0.0" classname="com.google.refine.commands.cell.TransposeColumnsIntoRowsCommandTests"/>
  <testcase name="testCSRFProtection" time="0.0" classname="com.google.refine.commands.recon.GuessTypesOfColumnCommandTests"/>
  <testcase name="testCSRFProtection" time="0.0" classname="com.google.refine.commands.cell.TransposeRowsIntoColumnsCommandTests"/>
  <testcase name="testCSRFProtection" time="0.0" classname="com.google.refine.commands.recon.PreviewExtendDataCommandTests"/>
  <testcase name="testCSRFProtection" time="0.0" classname="com.google.refine.commands.column.MoveColumnCommandTests"/>
  <testcase name="testCSRFProtection" time="0.0" classname="com.google.refine.commands.recon.ReconClearOneCellCommandTests"/>
  <testcase name="testCSRFProtection" time="0.0" classname="com.google.refine.commands.column.RemoveColumnCommandTests"/>
  <testcase name="testMarkOneCellInReconciledColumn" time="0.009" classname="com.google.refine.commands.recon.ReconJudgeOneCellCommandTest"/>
  <testcase name="testMarkOneCellWithCustomSpace" time="0.001" classname="com.google.refine.commands.recon.ReconJudgeOneCellCommandTest"/>
  <testcase name="testCSRFProtection" time="0.0" classname="com.google.refine.commands.column.RenameColumnCommandTests"/>
  <testcase name="testCSRFProtection" time="0.0" classname="com.google.refine.commands.row.AnnotateOneRowCommandTests"/>
  <testcase name="testCSRFProtection" time="0.0" classname="com.google.refine.commands.row.DenormalizeCommandTests"/>
  <testcase name="testJsonOutputRecords" time="0.008" classname="com.google.refine.commands.row.GetRowsCommandTest"/>
  <testcase name="testJsonOutputRows" time="0.001" classname="com.google.refine.commands.row.GetRowsCommandTest"/>
  <testcase name="testCSRFProtection" time="0.001" classname="com.google.refine.commands.SetPreferenceCommandTests"/>
  <testcase name="doPostCatchesExceptionFromWriter" time="0.011" classname="com.google.refine.commands.util.CancelProcessesCommandTests"/>
  <testcase name="doPostFailsThrowsWithNullParameters" time="0.0" classname="com.google.refine.commands.util.CancelProcessesCommandTests"/>
  <testcase name="doPostRegressionTest" time="0.004" classname="com.google.refine.commands.util.CancelProcessesCommandTests"/>
  <testcase name="doPostThrowsIfCommand_getProjectReturnsNull" time="0.024" classname="com.google.refine.commands.util.CancelProcessesCommandTests"/>
  <testcase name="exportCsvWithComma" time="0.008" classname="com.google.refine.exporters.CsvExporterTests"/>
  <testcase name="exportCsvWithEmptyCells" time="0.001" classname="com.google.refine.exporters.CsvExporterTests"/>
  <testcase name="exportCsvWithLineBreaks" time="0.0" classname="com.google.refine.exporters.CsvExporterTests"/>
  <testcase name="exportCsvWithQuote" time="0.001" classname="com.google.refine.exporters.CsvExporterTests"/>
  <testcase name="exportSimpleCsv" time="0.0" classname="com.google.refine.exporters.CsvExporterTests"/>
  <testcase name="exportSimpleCsvCustomLineSeparator" time="0.005" classname="com.google.refine.exporters.CsvExporterTests"/>
  <testcase name="exportSimpleCsvNoHeader" time="0.0" classname="com.google.refine.exporters.CsvExporterTests"/>
  <testcase name="exportHtmlTableWithEmptyCells" time="0.001" classname="com.google.refine.exporters.HtmlExporterTests"/>
  <testcase name="exportHtmlTableWithURLs" time="0.056" classname="com.google.refine.exporters.HtmlExporterTests"/>
  <testcase name="exportSimpleHtmlTable" time="0.0" classname="com.google.refine.exporters.HtmlExporterTests"/>
  <testcase name="testExportSimpleSql" time="0.026" classname="com.google.refine.exporters.sql.SqlExporterTests"/>
  <testcase name="testExportSqlIncludeSchemaWithDropStmt" time="0.001" classname="com.google.refine.exporters.sql.SqlExporterTests"/>
  <testcase name="testExportSqlNoContent" time="0.001" classname="com.google.refine.exporters.sql.SqlExporterTests"/>
  <testcase name="testExportSqlNoSchema" time="0.001" classname="com.google.refine.exporters.sql.SqlExporterTests"/>
  <testcase name="testExportSqlWithNonZeroScaleNumericValue" time="0.007" classname="com.google.refine.exporters.sql.SqlExporterTests"/>
  <testcase name="testExportSqlWithNotNullColumns" time="0.015" classname="com.google.refine.exporters.sql.SqlExporterTests"/>
  <testcase name="testExportSqlWithNullFields" time="0.003" classname="com.google.refine.exporters.sql.SqlExporterTests"/>
  <testcase name="testExportSqlWithSingleQuote" time="0.002" classname="com.google.refine.exporters.sql.SqlExporterTests"/>
  <testcase name="testGetCreateSql" time="0.001" classname="com.google.refine.exporters.sql.SqlExporterTests"/>
  <testcase name="exportEmptyTemplate" time="0.002" classname="com.google.refine.exporters.TemplatingExporterTests"/>
  <testcase name="exportSimpleTemplate" time="0.002" classname="com.google.refine.exporters.TemplatingExporterTests"/>
  <testcase name="exportTemplateWithEmptyCells" time="0.001" classname="com.google.refine.exporters.TemplatingExporterTests"/>
  <testcase name="exportTemplateWithLimit" time="0.001" classname="com.google.refine.exporters.TemplatingExporterTests"/>
  <testcase name="exportSimpleTsv" time="0.001" classname="com.google.refine.exporters.TsvExporterTests"/>
  <testcase name="exportSimpleTsvNoHeader" time="0.001" classname="com.google.refine.exporters.TsvExporterTests"/>
  <testcase name="exportTsvWithComma" time="0.001" classname="com.google.refine.exporters.TsvExporterTests"/>
  <testcase name="exportTsvWithEmptyCells" time="0.0" classname="com.google.refine.exporters.TsvExporterTests"/>
  <testcase name="exportTsvWithLineBreaks" time="0.001" classname="com.google.refine.exporters.TsvExporterTests"/>
  <testcase name="exportTsvWithQuote" time="0.0" classname="com.google.refine.exporters.TsvExporterTests"/>
  <testcase name="exportDateType" time="0.008" classname="com.google.refine.exporters.XlsExporterTests"/>
  <testcase name="exportSimpleXls" time="0.002" classname="com.google.refine.exporters.XlsExporterTests"/>
  <testcase name="exportSimpleXlsx" time="0.097" classname="com.google.refine.exporters.XlsxExporterTests"/>
  <testcase name="exportXlsxDateType" time="0.039" classname="com.google.refine.exporters.XlsxExporterTests"/>
  <testcase name="serializeEvalError" time="0.001" classname="com.google.refine.expr.EvalErrorTests"/>
  <testcase name="testSameValueFalse" time="0.0" classname="com.google.refine.expr.ExpressionUtilsTests"/>
  <testcase name="testSameValueTrue" time="0.0" classname="com.google.refine.expr.ExpressionUtilsTests"/>
  <testcase name="serializeInArray" time="0.001" classname="com.google.refine.expr.functions.arrays.InArrayTests"/>
  <testcase name="testInArray" time="0.0" classname="com.google.refine.expr.functions.arrays.InArrayTests"/>
  <testcase name="testInArrayParameters" time="0.001" classname="com.google.refine.expr.functions.arrays.InArrayTests"/>
  <testcase name="testInArrayWithArrayNode" time="0.0" classname="com.google.refine.expr.functions.arrays.InArrayTests"/>
  <testcase name="serializeJoin" time="0.0" classname="com.google.refine.expr.functions.arrays.JoinTests"/>
  <testcase name="serializeReverse" time="0.0" classname="com.google.refine.expr.functions.arrays.ReverseTests"/>
  <testcase name="serializeSort" time="0.0" classname="com.google.refine.expr.functions.arrays.SortTests"/>
  <testcase name="serializeUniques" time="0.0" classname="com.google.refine.expr.functions.arrays.UniquesTests"/>
  <testcase name="serializeAnd" time="0.0" classname="com.google.refine.expr.functions.booleans.AndTests"/>
  <testcase name="testBinary" time="0.0" classname="com.google.refine.expr.functions.booleans.BooleanTests"/>
  <testcase name="testInvalidParams" time="0.001" classname="com.google.refine.expr.functions.booleans.BooleanTests"/>
  <testcase name="serializeNot" time="0.0" classname="com.google.refine.expr.functions.booleans.NotTests"/>
  <testcase name="serializeOr" time="0.0" classname="com.google.refine.expr.functions.booleans.OrTests"/>
  <testcase name="serializeXor" time="0.001" classname="com.google.refine.expr.functions.booleans.XorTests"/>
  <testcase name="serializeCoalesce" time="0.0" classname="com.google.refine.expr.functions.CoalesceTests"/>
  <testcase name="testCoalesce" time="0.0" classname="com.google.refine.expr.functions.CoalesceTests"/>
  <testcase name="testCoalesceInvalidParams" time="0.001" classname="com.google.refine.expr.functions.CoalesceTests"/>
  <testcase name="crossFunctionBooleanTest" time="0.0" classname="com.google.refine.expr.functions.CrossTests"/>
  <testcase name="crossFunctionCaseSensitiveTest" time="0.0" classname="com.google.refine.expr.functions.CrossTests"/>
  <testcase name="crossFunctionDateTimeTest" time="0.0" classname="com.google.refine.expr.functions.CrossTests"/>
  <testcase name="crossFunctionIntegerTest" time="0.0" classname="com.google.refine.expr.functions.CrossTests"/>
  <testcase name="crossFunctionMatchNotFoundTest" time="0.0" classname="com.google.refine.expr.functions.CrossTests"/>
  <testcase name="crossFunctionMissingColumn" time="0.0" classname="com.google.refine.expr.functions.CrossTests"/>
  <testcase name="crossFunctionMissingProject" time="0.001" classname="com.google.refine.expr.functions.CrossTests"/>
  <testcase name="crossFunctionMultipleProjects" time="0.001" classname="com.google.refine.expr.functions.CrossTests"/>
  <testcase name="crossFunctionNonLiteralValue" time="0.0" classname="com.google.refine.expr.functions.CrossTests"/>
  <testcase name="crossFunctionOneToManyTest" time="0.001" classname="com.google.refine.expr.functions.CrossTests"/>
  <testcase name="crossFunctionOneToOneTest" time="0.0" classname="com.google.refine.expr.functions.CrossTests"/>
  <testcase name="serializeCross" time="0.0" classname="com.google.refine.expr.functions.CrossTests"/>
  <testcase name="serializeDatePart" time="0.001" classname="com.google.refine.expr.functions.date.DatePartTests"/>
  <testcase name="testOffsetDateTimeDatePart" time="0.006" classname="com.google.refine.expr.functions.date.DatePartTests"/>
  <testcase name="serializeInc" time="0.0" classname="com.google.refine.expr.functions.date.IncTests"/>
  <testcase name="testInc" time="0.001" classname="com.google.refine.expr.functions.date.IncTests"/>
  <testcase name="serializeNow" time="0.0" classname="com.google.refine.expr.functions.date.NowTests"/>
  <testcase name="testNow" time="0.0" classname="com.google.refine.expr.functions.date.NowTests"/>
  <testcase name="serializeFacetCount" time="0.001" classname="com.google.refine.expr.functions.FacetCountTests"/>
  <testcase name="serializeGet" time="0.001" classname="com.google.refine.expr.functions.GetTests"/>
  <testcase name="serializeHasField" time="0.0" classname="com.google.refine.expr.functions.HasFieldTests"/>
  <testcase name="serializeInnerHtml" time="0.001" classname="com.google.refine.expr.functions.html.InnerHtmlTests"/>
  <testcase name="serializeParseHtml" time="0.0" classname="com.google.refine.expr.functions.html.ParseHtmlTests"/>
  <testcase name="testParseHtml" time="0.193" classname="com.google.refine.expr.functions.html.ParseHtmlTests"/>
  <testcase name="serializeJsonize" time="0.001" classname="com.google.refine.expr.functions.JsonizeTests"/>
  <testcase name="serializeLength" time="0.001" classname="com.google.refine.expr.functions.LengthTests"/>
  <testcase name="serializeAbs" time="0.001" classname="com.google.refine.expr.functions.math.AbsTests"/>
  <testcase name="serializeACos" time="0.001" classname="com.google.refine.expr.functions.math.ACosTests"/>
  <testcase name="serializeASin" time="0.001" classname="com.google.refine.expr.functions.math.ASinTests"/>
  <testcase name="serializeATan2" time="0.001" classname="com.google.refine.expr.functions.math.ATan2Tests"/>
  <testcase name="serializeATan" time="0.0" classname="com.google.refine.expr.functions.math.ATanTests"/>
  <testcase name="serializeCeil" time="0.0" classname="com.google.refine.expr.functions.math.CeilTests"/>
  <testcase name="serializeCombin" time="0.0" classname="com.google.refine.expr.functions.math.CombinTests"/>
  <testcase name="serializeCosh" time="0.0" classname="com.google.refine.expr.functions.math.CoshTests"/>
  <testcase name="serializeCos" time="0.001" classname="com.google.refine.expr.functions.math.CosTests"/>
  <testcase name="serializeDegrees" time="0.0" classname="com.google.refine.expr.functions.math.DegreesTests"/>
  <testcase name="serializeEven" time="0.0" classname="com.google.refine.expr.functions.math.EvenTests"/>
  <testcase name="serializeExp" time="0.0" classname="com.google.refine.expr.functions.math.ExpTests"/>
  <testcase name="serializeFactN" time="0.0" classname="com.google.refine.expr.functions.math.FactNTests"/>
  <testcase name="serializeFact" time="0.0" classname="com.google.refine.expr.functions.math.FactTests"/>
  <testcase name="serializeFloor" time="0.0" classname="com.google.refine.expr.functions.math.FloorTests"/>
  <testcase name="serializeGreatestCommonDenominator" time="0.0" classname="com.google.refine.expr.functions.math.GreatestCommonDenominatorTests"/>
  <testcase name="serializeLeastCommonMultiple" time="0.001" classname="com.google.refine.expr.functions.math.LeastCommonMultipleTests"/>
  <testcase name="serializeLn" time="0.001" classname="com.google.refine.expr.functions.math.LnTests"/>
  <testcase name="serializeLog" time="0.001" classname="com.google.refine.expr.functions.math.LogTests"/>
  <testcase name="serializeMax" time="0.001" classname="com.google.refine.expr.functions.math.MaxTests"/>
  <testcase name="serializeMin" time="0.001" classname="com.google.refine.expr.functions.math.MinTests"/>
  <testcase name="serializeMod" time="0.001" classname="com.google.refine.expr.functions.math.ModTests"/>
  <testcase name="serializeMultinomial" time="0.0" classname="com.google.refine.expr.functions.math.MultinomialTests"/>
  <testcase name="serializeOdd" time="0.0" classname="com.google.refine.expr.functions.math.OddTests"/>
  <testcase name="serializePow" time="0.0" classname="com.google.refine.expr.functions.math.PowTests"/>
  <testcase name="serializeQuotient" time="0.0" classname="com.google.refine.expr.functions.math.QuotientTests"/>
  <testcase name="serializeRadians" time="0.0" classname="com.google.refine.expr.functions.math.RadiansTests"/>
  <testcase name="serializeRandomNumber" time="0.0" classname="com.google.refine.expr.functions.math.RandomNumberTests"/>
  <testcase name="testRandomNumber" time="0.004" classname="com.google.refine.expr.functions.math.RandomNumberTests"/>
  <testcase name="testRandomNumberParameters" time="0.0" classname="com.google.refine.expr.functions.math.RandomNumberTests"/>
  <testcase name="serializeRound" time="0.0" classname="com.google.refine.expr.functions.math.RoundTests"/>
  <testcase name="serializeSinh" time="0.0" classname="com.google.refine.expr.functions.math.SinhTests"/>
  <testcase name="serializeSin" time="0.0" classname="com.google.refine.expr.functions.math.SinTests"/>
  <testcase name="serializeSum" time="0.001" classname="com.google.refine.expr.functions.math.SumTests"/>
  <testcase name="serializeTanh" time="0.0" classname="com.google.refine.expr.functions.math.TanhTests"/>
  <testcase name="serializeTan" time="0.0" classname="com.google.refine.expr.functions.math.TanTests"/>
  <testcase name="serializeSlice" time="0.0" classname="com.google.refine.expr.functions.SliceTests"/>
  <testcase name="serializeChomp" time="0.001" classname="com.google.refine.expr.functions.strings.ChompTests"/>
  <testcase name="serializeContains" time="0.0" classname="com.google.refine.expr.functions.strings.ContainsTests"/>
  <testcase name="testContainsFunction" time="0.001" classname="com.google.refine.expr.functions.strings.ContainsTests"/>
  <testcase name="serializeDiff" time="0.001" classname="com.google.refine.expr.functions.strings.DiffTests"/>
  <testcase name="testDiffInvalidParams" time="0.0" classname="com.google.refine.expr.functions.strings.DiffTests"/>
  <testcase name="testDiffOffsetDateTime" time="0.001" classname="com.google.refine.expr.functions.strings.DiffTests"/>
  <testcase name="testDiffOffsetDateTimeEvalErrors" time="0.0" classname="com.google.refine.expr.functions.strings.DiffTests"/>
  <testcase name="testDiffOffsetDateTimeEvalErrorsForIncorrectTimeUnit" time="0.0" classname="com.google.refine.expr.functions.strings.DiffTests"/>
  <testcase name="testDiffString" time="0.0" classname="com.google.refine.expr.functions.strings.DiffTests"/>
  <testcase name="serializeEndsWith" time="0.001" classname="com.google.refine.expr.functions.strings.EndsWithTests"/>
  <testcase name="serializeEscape" time="0.001" classname="com.google.refine.expr.functions.strings.EscapeTests"/>
  <testcase name="findFunctionFindAllTest" time="0.001" classname="com.google.refine.expr.functions.strings.FindTests"/>
  <testcase name="findFunctionFindLiteralTest" time="0.0" classname="com.google.refine.expr.functions.strings.FindTests"/>
  <testcase name="findFunctionFindRegexTest" time="0.0" classname="com.google.refine.expr.functions.strings.FindTests"/>
  <testcase name="serializeFind" time="0.001" classname="com.google.refine.expr.functions.strings.FindTests"/>
  <testcase name="serializeFingerprint" time="0.001" classname="com.google.refine.expr.functions.strings.FingerprintTests"/>
  <testcase name="testInvalidParams" time="0.0" classname="com.google.refine.expr.functions.strings.FingerprintTests"/>
  <testcase name="testNormalize" time="0.0" classname="com.google.refine.expr.functions.strings.FingerprintTests"/>
  <testcase name="serializeIndexOf" time="0.0" classname="com.google.refine.expr.functions.strings.IndexOfTests"/>
  <testcase name="serializeLastIndexOf" time="0.0" classname="com.google.refine.expr.functions.strings.LastIndexOfTests"/>
  <testcase name="serializeMatch" time="0.001" classname="com.google.refine.expr.functions.strings.MatchTests"/>
  <testcase name="serializeMD5" time="0.001" classname="com.google.refine.expr.functions.strings.MD5Tests"/>
  <testcase name="serializeNGramFingerprint" time="0.0" classname="com.google.refine.expr.functions.strings.NGramFingerprintTests"/>
  <testcase name="serializeNGram" time="0.0" classname="com.google.refine.expr.functions.strings.NGramTests"/>
  <testcase name="serializeParseJson" time="0.001" classname="com.google.refine.expr.functions.strings.ParseJsonTests"/>
  <testcase name="serializePartition" time="0.001" classname="com.google.refine.expr.functions.strings.PartitionTests"/>
  <testcase name="serializePhonetic" time="0.012" classname="com.google.refine.expr.functions.strings.PhoneticTests"/>
  <testcase name="serializeRange" time="0.001" classname="com.google.refine.expr.functions.strings.RangeTests"/>
  <testcase name="testRangeInvalidParams" time="0.004" classname="com.google.refine.expr.functions.strings.RangeTests"/>
  <testcase name="testRangeValidDoubleStringParams" time="0.001" classname="com.google.refine.expr.functions.strings.RangeTests"/>
  <testcase name="testRangeValidIntegerParams" time="0.001" classname="com.google.refine.expr.functions.strings.RangeTests"/>
  <testcase name="testRangeValidMixedParams" time="0.001" classname="com.google.refine.expr.functions.strings.RangeTests"/>
  <testcase name="testRangeValidSingleStringParams" time="0.0" classname="com.google.refine.expr.functions.strings.RangeTests"/>
  <testcase name="testRangeValidTripleStringParams" time="0.0" classname="com.google.refine.expr.functions.strings.RangeTests"/>
  <testcase name="serializeReinterpret" time="0.0" classname="com.google.refine.expr.functions.strings.ReinterpretTests"/>
  <testcase name="serializeReplaceChars" time="0.001" classname="com.google.refine.expr.functions.strings.ReplaceCharsTests"/>
  <testcase name="serializeReplace" time="0.0" classname="com.google.refine.expr.functions.strings.ReplaceTests"/>
  <testcase name="serializeRPartition" time="0.001" classname="com.google.refine.expr.functions.strings.RPartitionTests"/>
  <testcase name="serializeSHA1" time="0.0" classname="com.google.refine.expr.functions.strings.SHA1Tests"/>
  <testcase name="serializeSmartSplit" time="0.0" classname="com.google.refine.expr.functions.strings.SmartSplitTests"/>
  <testcase name="testSmartSplitCharSepGiven" time="0.001" classname="com.google.refine.expr.functions.strings.SmartSplitTests"/>
  <testcase name="testSmartSplitCharSepSpace" time="0.0" classname="com.google.refine.expr.functions.strings.SmartSplitTests"/>
  <testcase name="testSmartSplitGuessComma" time="0.0" classname="com.google.refine.expr.functions.strings.SmartSplitTests"/>
  <testcase name="testSmartSplitGuessTab" time="0.0" classname="com.google.refine.expr.functions.strings.SmartSplitTests"/>
  <testcase name="testSmartSplitInvalidParams" time="0.0" classname="com.google.refine.expr.functions.strings.SmartSplitTests"/>
  <testcase name="testSmartSplitStringSepGiven" time="0.0" classname="com.google.refine.expr.functions.strings.SmartSplitTests"/>
  <testcase name="serializeSplitByCharType" time="0.001" classname="com.google.refine.expr.functions.strings.SplitByCharTypeTests"/>
  <testcase name="serializeSplitByLengths" time="0.001" classname="com.google.refine.expr.functions.strings.SplitByLengthsTests"/>
  <testcase name="serializeSplit" time="0.0" classname="com.google.refine.expr.functions.strings.SplitTests"/>
  <testcase name="serializeStartsWith" time="0.0" classname="com.google.refine.expr.functions.strings.StartsWithTests"/>
  <testcase name="testToTitlecase" time="0.001" classname="com.google.refine.expr.functions.strings.StringCaseTests"/>
  <testcase name="testToTitlecaseInvalidParams" time="0.0" classname="com.google.refine.expr.functions.strings.StringCaseTests"/>
  <testcase name="testEscape" time="0.0" classname="com.google.refine.expr.functions.strings.ToFromConversionTests"/>
  <testcase name="testToDate" time="0.306" classname="com.google.refine.expr.functions.strings.ToFromConversionTests"/>
  <testcase name="testToNumber" time="0.001" classname="com.google.refine.expr.functions.strings.ToFromConversionTests"/>
  <testcase name="testToString" time="0.011" classname="com.google.refine.expr.functions.strings.ToFromConversionTests"/>
  <testcase name="testUnescape" time="0.0" classname="com.google.refine.expr.functions.strings.ToFromConversionTests"/>
  <testcase name="serializeToLowercase" time="0.001" classname="com.google.refine.expr.functions.strings.ToLowercaseTests"/>
  <testcase name="serializeToTitlecase" time="0.01" classname="com.google.refine.expr.functions.strings.ToTitlecaseTests"/>
  <testcase name="serializeToUppercase" time="0.001" classname="com.google.refine.expr.functions.strings.ToUppercaseTests"/>
  <testcase name="serializeTrim" time="0.0" classname="com.google.refine.expr.functions.strings.TrimTests"/>
  <testcase name="testInvalidParams" time="0.009" classname="com.google.refine.expr.functions.strings.TrimTests"/>
  <testcase name="testTrim" time="0.046" classname="com.google.refine.expr.functions.strings.TrimTests"/>
  <testcase name="serializeUnescape" time="0.0" classname="com.google.refine.expr.functions.strings.UnescapeTests"/>
  <testcase name="serializeUnicode" time="0.001" classname="com.google.refine.expr.functions.strings.UnicodeTests"/>
  <testcase name="serializeUnicodeType" time="0.001" classname="com.google.refine.expr.functions.strings.UnicodeTypeTests"/>
  <testcase name="serializeToDate" time="0.0" classname="com.google.refine.expr.functions.ToDateTests"/>
  <testcase name="serializeToNumber" time="0.001" classname="com.google.refine.expr.functions.ToNumberTests"/>
  <testcase name="serializeToString" time="0.0" classname="com.google.refine.expr.functions.ToStringTests"/>
  <testcase name="serializeType" time="0.0" classname="com.google.refine.expr.functions.TypeTests"/>
  <testcase name="serializeInnerXml" time="0.0" classname="com.google.refine.expr.functions.xml.InnerXmlTests"/>
  <testcase name="serializeOwnText" time="0.001" classname="com.google.refine.expr.functions.xml.OwnTextTests"/>
  <testcase name="serializeParseXml" time="0.0" classname="com.google.refine.expr.functions.xml.ParseXmlTests"/>
  <testcase name="testParseXml" time="0.008" classname="com.google.refine.expr.functions.xml.ParseXmlTests"/>
  <testcase name="serializeSelectXml" time="0.001" classname="com.google.refine.expr.functions.xml.SelectXmlTests"/>
  <testcase name="serializeXmlAttr" time="0.001" classname="com.google.refine.expr.functions.xml.xmlAttrTests"/>
  <testcase name="serializeXmlText" time="0.0" classname="com.google.refine.expr.functions.xml.xmlTextTests"/>
  <testcase name="testConvertBool" time="0.0" classname="com.google.refine.expr.util.JsonValueConverterTests"/>
  <testcase name="testConvertFloat" time="0.0" classname="com.google.refine.expr.util.JsonValueConverterTests"/>
  <testcase name="testConvertInt" time="0.0" classname="com.google.refine.expr.util.JsonValueConverterTests"/>
  <testcase name="testConvertJsonArray" time="0.0" classname="com.google.refine.expr.util.JsonValueConverterTests"/>
  <testcase name="testConvertJsonObject" time="0.0" classname="com.google.refine.expr.util.JsonValueConverterTests"/>
  <testcase name="testConvertNoField" time="0.0" classname="com.google.refine.expr.util.JsonValueConverterTests"/>
  <testcase name="testConvertNull" time="0.0" classname="com.google.refine.expr.util.JsonValueConverterTests"/>
  <testcase name="testConvertString" time="0.0" classname="com.google.refine.expr.util.JsonValueConverterTests"/>
  <testcase name="intLiteralToString" time="0.0" classname="com.google.refine.grel.ast.LiteralExprTest"/>
  <testcase name="stringLiteralToString" time="0.0" classname="com.google.refine.grel.ast.LiteralExprTest"/>
  <testcase name="serializeFilter" time="0.001" classname="com.google.refine.grel.controls.FilterTests"/>
  <testcase name="serializeForEachIndex" time="0.0" classname="com.google.refine.grel.controls.ForEachIndexTests"/>
  <testcase name="serializeForEach" time="0.0" classname="com.google.refine.grel.controls.ForEachTests"/>
  <testcase name="serializeForNonBlank" time="0.0" classname="com.google.refine.grel.controls.ForNonBlankTests"/>
  <testcase name="serializeForRange" time="0.001" classname="com.google.refine.grel.controls.ForRangeTests"/>
  <testcase name="serializeIf" time="0.001" classname="com.google.refine.grel.controls.IfTests"/>
  <testcase name="serializeIsBlank" time="0.0" classname="com.google.refine.grel.controls.IsBlankTests"/>
  <testcase name="serializeIsEmptyString" time="0.0" classname="com.google.refine.grel.controls.IsEmptyStringTests"/>
  <testcase name="serializeIsError" time="0.001" classname="com.google.refine.grel.controls.IsErrorTests"/>
  <testcase name="serializeIsNonBlank" time="0.003" classname="com.google.refine.grel.controls.IsNonBlankTests"/>
  <testcase name="serializeIsNotNull" time="0.001" classname="com.google.refine.grel.controls.IsNotNullTests"/>
  <testcase name="serializeIsNull" time="0.0" classname="com.google.refine.grel.controls.IsNullTests"/>
  <testcase name="serializeIsNumeric" time="0.003" classname="com.google.refine.grel.controls.IsNumericTests"/>
  <testcase name="serializeWith" time="0.001" classname="com.google.refine.grel.controls.WithTests"/>
  <testcase name="testFacetCount" time="0.001" classname="com.google.refine.grel.FunctionTests"/>
  <testcase name="testInvalidParams" time="0.0" classname="com.google.refine.grel.FunctionTests"/>
  <testcase name="testCrossFunctionEval" time="0.0" classname="com.google.refine.grel.GrelTests"/>
  <testcase name="testEvalError" time="0.0" classname="com.google.refine.grel.GrelTests"/>
  <testcase name="testGetFieldFromNull" time="0.0" classname="com.google.refine.grel.GrelTests"/>
  <testcase name="testGetJsonFieldAbsent" time="0.001" classname="com.google.refine.grel.GrelTests"/>
  <testcase name="testGetJsonFieldExists" time="0.0" classname="com.google.refine.grel.GrelTests"/>
  <testcase name="testInvalidSyntax" time="0.0" classname="com.google.refine.grel.GrelTests"/>
  <testcase name="testJoinJsonArray" time="0.001" classname="com.google.refine.grel.GrelTests"/>
  <testcase name="testMath" time="0.0" classname="com.google.refine.grel.GrelTests"/>
  <testcase name="testPI" time="0.0" classname="com.google.refine.grel.GrelTests"/>
  <testcase name="testString" time="0.0" classname="com.google.refine.grel.GrelTests"/>
  <testcase name="testWriteHistoryEntry" time="0.007" classname="com.google.refine.history.FileHistoryEntryManagerTests"/>
  <testcase name="deserializeUnknownOperation" time="0.008" classname="com.google.refine.history.HistoryEntryTests"/>
  <testcase name="serializeHistoryEntry" time="0.002" classname="com.google.refine.history.HistoryEntryTests"/>
  <testcase name="serializeHistoryEntryWithOperation" time="0.005" classname="com.google.refine.history.HistoryEntryTests"/>
  <testcase name="canAddEntry" time="0.012" classname="com.google.refine.history.HistoryTests"/>
  <testcase name="serializeHistory" time="0.012" classname="com.google.refine.history.HistoryTests"/>
</testsuite> <!-- tests -->
