<?xml version="1.0" encoding="UTF-8"?>
<!-- Generated by org.testng.reporters.JUnitXMLReporter -->
<testsuite hostname="DESKTOP-R5SQ9ER" name="tests" tests="258" failures="0" timestamp="8 Nov 2019 12:14:08 GMT" time="12.922" errors="0">
  <testcase name="testCsrfProtection" time="0.042" classname="org.openrefine.wikidata.commands.LoginCommandTest"/>
  <testcase name="testNoCredentials" time="0.018" classname="org.openrefine.wikidata.commands.LoginCommandTest"/>
  <testcase name="testMultipleBatches" time="0.699" classname="org.openrefine.wikidata.editing.EditBatchProcessorTest"/>
  <testcase name="testNewItem" time="0.006" classname="org.openrefine.wikidata.editing.EditBatchProcessorTest"/>
  <testcase name="testReconstruct" time="0.093" classname="org.openrefine.wikidata.operations.PerformWikibaseEditsOperationTest"/>
  <testcase name="testConstructor" time="0.0" classname="org.openrefine.wikidata.operations.PerformWikibaseEditsOperationTest"/>
  <testcase name="testLoadChange" time="0.009" classname="org.openrefine.wikidata.operations.PerformWikibaseEditsOperationTest"/>
  <testcase name="testCount" time="0.0" classname="org.openrefine.wikidata.qa.QAWarningStoreTest"/>
  <testcase name="testMaxSeverity" time="0.0" classname="org.openrefine.wikidata.qa.QAWarningStoreTest"/>
  <testcase name="testSerialize" time="0.007" classname="org.openrefine.wikidata.qa.QAWarningStoreTest"/>
  <testcase name="testNoProblem" time="0.002" classname="org.openrefine.wikidata.qa.scrutinizers.SelfReferentialScrutinizerTest"/>
  <testcase name="testTrigger" time="0.0" classname="org.openrefine.wikidata.qa.scrutinizers.SelfReferentialScrutinizerTest"/>
  <testcase name="testTrigger" time="0.0" classname="org.openrefine.wikidata.qa.scrutinizers.UnsourcedScrutinizerTest"/>
  <testcase name="testDuplicateWhitespace" time="0.001" classname="org.openrefine.wikidata.qa.scrutinizers.WhitespaceScrutinizerTest"/>
  <testcase name="testMonolingualTextValue" time="0.0" classname="org.openrefine.wikidata.qa.scrutinizers.WhitespaceScrutinizerTest"/>
  <testcase name="testMultipleIssues" time="0.0" classname="org.openrefine.wikidata.qa.scrutinizers.WhitespaceScrutinizerTest"/>
  <testcase name="testNoIssue" time="0.0" classname="org.openrefine.wikidata.qa.scrutinizers.WhitespaceScrutinizerTest"/>
  <testcase name="testNonPrintableChars" time="0.0" classname="org.openrefine.wikidata.qa.scrutinizers.WhitespaceScrutinizerTest"/>
  <testcase name="testEvaluate" time="0.001" classname="org.openrefine.wikidata.schema.WbItemConstantTest"/>
  <testcase name="testSerialize" time="0.003" classname="org.openrefine.wikidata.schema.WbItemConstantTest"/>
  <testcase name="testCreation" time="0.0" classname="org.openrefine.wikidata.schema.WbStatementExprTest"/>
  <testcase name="testEvaluate" time="0.002" classname="org.openrefine.wikidata.schema.WbStatementExprTest"/>
  <testcase name="testEvaluateWithConstant" time="0.001" classname="org.openrefine.wikidata.schema.WbStatementExprTest"/>
  <testcase name="testEvaluateWithoutQualifier" time="0.001" classname="org.openrefine.wikidata.schema.WbStatementExprTest"/>
  <testcase name="testEvaluateWithoutQualifierAndReference" time="0.0" classname="org.openrefine.wikidata.schema.WbStatementExprTest"/>
  <testcase name="testEvaluateWithoutReference" time="0.001" classname="org.openrefine.wikidata.schema.WbStatementExprTest"/>
  <testcase name="testSerialize" time="0.015" classname="org.openrefine.wikidata.schema.WbStatementExprTest"/>
  <testcase name="testSkip" time="0.0" classname="org.openrefine.wikidata.schema.WbStatementExprTest"/>
  <testcase name="testCreate" time="0.0" classname="org.openrefine.wikidata.schema.WbStatementGroupExprTest"/>
  <testcase name="testEvaluate" time="0.0" classname="org.openrefine.wikidata.schema.WbStatementGroupExprTest"/>
  <testcase name="testSerialize" time="0.004" classname="org.openrefine.wikidata.schema.WbStatementGroupExprTest"/>
  <testcase name="testSkip" time="0.0" classname="org.openrefine.wikidata.schema.WbStatementGroupExprTest"/>
  <testcase name="testDeserialize" time="0.014" classname="org.openrefine.wikidata.schema.WikibaseSchemaTest"/>
  <testcase name="testDeserializeEmpty" time="0.002" classname="org.openrefine.wikidata.schema.WikibaseSchemaTest"/>
  <testcase name="testEvaluate" time="0.005" classname="org.openrefine.wikidata.schema.WikibaseSchemaTest"/>
  <testcase name="testEvaluateRespectsFacets" time="0.015" classname="org.openrefine.wikidata.schema.WikibaseSchemaTest"/>
  <testcase name="testSerialize" time="0.011" classname="org.openrefine.wikidata.schema.WikibaseSchemaTest"/>
  <testcase name="testAddStatements" time="0.0" classname="org.openrefine.wikidata.updates.ItemUpdateTest"/>
  <testcase name="testConstructOverridingLabels" time="0.0" classname="org.openrefine.wikidata.updates.ItemUpdateTest"/>
  <testcase name="testCreateWithoutSubject" time="0.001" classname="org.openrefine.wikidata.updates.ItemUpdateTest"/>
  <testcase name="testDeleteStatements" time="0.0" classname="org.openrefine.wikidata.updates.ItemUpdateTest"/>
  <testcase name="testGroupBySubject" time="0.001" classname="org.openrefine.wikidata.updates.ItemUpdateTest"/>
  <testcase name="testIsEmpty" time="0.0" classname="org.openrefine.wikidata.updates.ItemUpdateTest"/>
  <testcase name="testIsNew" time="0.0" classname="org.openrefine.wikidata.updates.ItemUpdateTest"/>
  <testcase name="testIsNull" time="0.0" classname="org.openrefine.wikidata.updates.ItemUpdateTest"/>
  <testcase name="testMerge" time="0.001" classname="org.openrefine.wikidata.updates.ItemUpdateTest"/>
  <testcase name="testMergeDescriptionsIfNew" time="0.0" classname="org.openrefine.wikidata.updates.ItemUpdateTest"/>
  <testcase name="testMergeDescriptionsIfNewOverriding" time="0.0" classname="org.openrefine.wikidata.updates.ItemUpdateTest"/>
  <testcase name="testMergeDescriptionsIfNewOverriding2" time="0.0" classname="org.openrefine.wikidata.updates.ItemUpdateTest"/>
  <testcase name="testMergeLabels" time="0.0" classname="org.openrefine.wikidata.updates.ItemUpdateTest"/>
  <testcase name="testMergeLabelsIfNew" time="0.0" classname="org.openrefine.wikidata.updates.ItemUpdateTest"/>
  <testcase name="testMergeLabelsIfNewOverriding" time="0.0" classname="org.openrefine.wikidata.updates.ItemUpdateTest"/>
  <testcase name="testMergeLabelsIfNewOverriding2" time="0.0" classname="org.openrefine.wikidata.updates.ItemUpdateTest"/>
  <testcase name="testNormalizeTerms" time="0.001" classname="org.openrefine.wikidata.updates.ItemUpdateTest"/>
  <testcase name="testMerge" time="0.001" classname="org.openrefine.wikidata.updates.scheduler.WikibaseAPIUpdateSchedulerTest"/>
  <testcase name="testMergeNew" time="0.001" classname="org.openrefine.wikidata.updates.scheduler.WikibaseAPIUpdateSchedulerTest"/>
  <testcase name="testNewItemMentioned" time="0.0" classname="org.openrefine.wikidata.updates.scheduler.WikibaseAPIUpdateSchedulerTest"/>
  <testcase name="testNewItemNotMentioned" time="0.001" classname="org.openrefine.wikidata.updates.scheduler.WikibaseAPIUpdateSchedulerTest"/>
  <testcase name="testMixedUpdate" time="0.001" classname="org.openrefine.wikidata.updates.scheduler.WikibaseAPIUpdateSchedulerTest"/>
  <testcase name="testOrderPreserved" time="0.001" classname="org.openrefine.wikidata.updates.scheduler.WikibaseAPIUpdateSchedulerTest"/>
  <testcase name="testUpdateIsNotSplit" time="0.001" classname="org.openrefine.wikidata.updates.scheduler.WikibaseAPIUpdateSchedulerTest"/>
  <testcase name="testValidSchema" time="3.884" classname="org.openrefine.wikidata.commands.PreviewWikibaseSchemaCommandTest"/>
  <testcase name="testInvalidSchema" time="0.001" classname="org.openrefine.wikidata.commands.PreviewWikibaseSchemaCommandTest"/>
  <testcase name="testNoSchema" time="0.0" classname="org.openrefine.wikidata.commands.PreviewWikibaseSchemaCommandTest"/>
  <testcase name="testRetrieveItem" time="0.0" classname="org.openrefine.wikidata.editing.NewItemLibraryTest"/>
  <testcase name="testSerialize" time="0.002" classname="org.openrefine.wikidata.editing.NewItemLibraryTest"/>
  <testcase name="testUpdateReconciledCells" time="0.006" classname="org.openrefine.wikidata.editing.NewItemLibraryTest"/>
  <testcase name="testReconstruct" time="0.004" classname="org.openrefine.wikidata.operations.SaveWikibaseSchemaOperationTest"/>
  <testcase name="testLoadChange" time="0.002" classname="org.openrefine.wikidata.operations.SaveWikibaseSchemaOperationTest"/>
  <testcase name="testAggregate" time="0.0" classname="org.openrefine.wikidata.qa.QAWarningTest"/>
  <testcase name="testCompare" time="0.0" classname="org.openrefine.wikidata.qa.QAWarningTest"/>
  <testcase name="testSerialize" time="0.001" classname="org.openrefine.wikidata.qa.QAWarningTest"/>
  <testcase name="testNoIssue" time="0.0" classname="org.openrefine.wikidata.qa.scrutinizers.SingleValueScrutinizerTest"/>
  <testcase name="testTrigger" time="0.001" classname="org.openrefine.wikidata.qa.scrutinizers.SingleValueScrutinizerTest"/>
  <testcase name="testAllowedQualifiers" time="1.923" classname="org.openrefine.wikidata.qa.WikidataConstraintFetcherTests"/>
  <testcase name="testDistinctValues" time="1.383" classname="org.openrefine.wikidata.qa.WikidataConstraintFetcherTests"/>
  <testcase name="testGetFormatConstraint" time="1.016" classname="org.openrefine.wikidata.qa.WikidataConstraintFetcherTests"/>
  <testcase name="testGetInverseConstraint" time="1.339" classname="org.openrefine.wikidata.qa.WikidataConstraintFetcherTests"/>
  <testcase name="testMandatoryQualifiers" time="0.004" classname="org.openrefine.wikidata.qa.WikidataConstraintFetcherTests"/>
  <testcase name="testSingleValue" time="0.001" classname="org.openrefine.wikidata.qa.WikidataConstraintFetcherTests"/>
  <testcase name="testAliasSkipped" time="0.001" classname="org.openrefine.wikidata.schema.WbItemDocumentExprTest"/>
  <testcase name="testEvaluate" time="0.001" classname="org.openrefine.wikidata.schema.WbItemDocumentExprTest"/>
  <testcase name="testSerialize" time="0.003" classname="org.openrefine.wikidata.schema.WbItemDocumentExprTest"/>
  <testcase name="testStatementSkipped" time="0.0" classname="org.openrefine.wikidata.schema.WbItemDocumentExprTest"/>
  <testcase name="testSubjectSkipped" time="0.0" classname="org.openrefine.wikidata.schema.WbItemDocumentExprTest"/>
  <testcase name="testEmpty" time="0.0" classname="org.openrefine.wikidata.schema.WbStringConstantTest"/>
  <testcase name="testEvaluate" time="0.001" classname="org.openrefine.wikidata.schema.WbStringConstantTest"/>
  <testcase name="testSerialize" time="0.001" classname="org.openrefine.wikidata.schema.WbStringConstantTest"/>
  <testcase name="testTrim" time="0.001" classname="org.openrefine.wikidata.schema.WbStringConstantTest"/>
  <testcase name="testExtractDatavalues" time="0.0" classname="org.openrefine.wikidata.updates.scheduler.PointerExtractorTest"/>
  <testcase name="testExtractEntityId" time="0.0" classname="org.openrefine.wikidata.updates.scheduler.PointerExtractorTest"/>
  <testcase name="testSnak" time="0.001" classname="org.openrefine.wikidata.updates.scheduler.PointerExtractorTest"/>
  <testcase name="testSnakGroup" time="0.0" classname="org.openrefine.wikidata.updates.scheduler.PointerExtractorTest"/>
  <testcase name="testStatement" time="0.0" classname="org.openrefine.wikidata.updates.scheduler.PointerExtractorTest"/>
  <testcase name="testCsrfProtection" time="0.0" classname="org.openrefine.wikidata.commands.SaveWikibaseSchemaCommandTest"/>
  <testcase name="testInvalidSchema" time="0.001" classname="org.openrefine.wikidata.commands.SaveWikibaseSchemaCommandTest"/>
  <testcase name="testValidSchema" time="0.008" classname="org.openrefine.wikidata.commands.SaveWikibaseSchemaCommandTest"/>
  <testcase name="testNoSchema" time="0.001" classname="org.openrefine.wikidata.commands.SaveWikibaseSchemaCommandTest"/>
  <testcase name="testMatched" time="0.0" classname="org.openrefine.wikidata.editing.ReconEntityRewriterTest"/>
  <testcase name="testNotCreatedYet" time="0.0" classname="org.openrefine.wikidata.editing.ReconEntityRewriterTest"/>
  <testcase name="testRewriteUpdate" time="0.001" classname="org.openrefine.wikidata.editing.ReconEntityRewriterTest"/>
  <testcase name="testSubjectNotRewriten" time="0.001" classname="org.openrefine.wikidata.editing.ReconEntityRewriterTest"/>
  <testcase name="testSuccessfulRewrite" time="0.0" classname="org.openrefine.wikidata.editing.ReconEntityRewriterTest"/>
  <testcase name="testScrutinizeCloseValue" time="0.001" classname="org.openrefine.wikidata.qa.scrutinizers.CalendarScrutinizerTest"/>
  <testcase name="testScrutinizeEarlyDay" time="0.001" classname="org.openrefine.wikidata.qa.scrutinizers.CalendarScrutinizerTest"/>
  <testcase name="testScrutinizeEarlyYear" time="0.001" classname="org.openrefine.wikidata.qa.scrutinizers.CalendarScrutinizerTest"/>
  <testcase name="testScrutinizeRecentValue" time="0.0" classname="org.openrefine.wikidata.qa.scrutinizers.CalendarScrutinizerTest"/>
  <testcase name="testEquality" time="0.0" classname="org.openrefine.wikidata.schema.entityvalues.ReconEntityIdValueTest"/>
  <testcase name="testGetId" time="0.0" classname="org.openrefine.wikidata.schema.entityvalues.ReconEntityIdValueTest"/>
  <testcase name="testGetIri" time="0.0" classname="org.openrefine.wikidata.schema.entityvalues.ReconEntityIdValueTest"/>
  <testcase name="testGetLabel" time="0.0" classname="org.openrefine.wikidata.schema.entityvalues.ReconEntityIdValueTest"/>
  <testcase name="testGetRecon" time="0.0" classname="org.openrefine.wikidata.schema.entityvalues.ReconEntityIdValueTest"/>
  <testcase name="testGetSiteIri" time="0.0" classname="org.openrefine.wikidata.schema.entityvalues.ReconEntityIdValueTest"/>
  <testcase name="testGetTypes" time="0.0" classname="org.openrefine.wikidata.schema.entityvalues.ReconEntityIdValueTest"/>
  <testcase name="testHashCode" time="0.0" classname="org.openrefine.wikidata.schema.entityvalues.ReconEntityIdValueTest"/>
  <testcase name="testIsNew" time="0.0" classname="org.openrefine.wikidata.schema.entityvalues.ReconEntityIdValueTest"/>
  <testcase name="testToString" time="0.001" classname="org.openrefine.wikidata.schema.entityvalues.ReconEntityIdValueTest"/>
  <testcase name="testInvalidSpace" time="0.0" classname="org.openrefine.wikidata.schema.WbItemVariableTest"/>
  <testcase name="testNewItemCell" time="0.001" classname="org.openrefine.wikidata.schema.WbItemVariableTest"/>
  <testcase name="testReconciledCell" time="0.0" classname="org.openrefine.wikidata.schema.WbItemVariableTest"/>
  <testcase name="testSerialize" time="0.001" classname="org.openrefine.wikidata.schema.WbItemVariableTest"/>
  <testcase name="testUnmatchedCell" time="0.0" classname="org.openrefine.wikidata.schema.WbItemVariableTest"/>
  <testcase name="testUnreconciledCell" time="0.0" classname="org.openrefine.wikidata.schema.WbItemVariableTest"/>
  <testcase name="testDoubleInteger" time="0.0" classname="org.openrefine.wikidata.schema.WbStringVariableTest"/>
  <testcase name="testDoubleWhitespace" time="0.0" classname="org.openrefine.wikidata.schema.WbStringVariableTest"/>
  <testcase name="testEmpty" time="0.0" classname="org.openrefine.wikidata.schema.WbStringVariableTest"/>
  <testcase name="testInteger" time="0.0" classname="org.openrefine.wikidata.schema.WbStringVariableTest"/>
  <testcase name="testLeadingWhitespace" time="0.0" classname="org.openrefine.wikidata.schema.WbStringVariableTest"/>
  <testcase name="testSimpleString" time="0.0" classname="org.openrefine.wikidata.schema.WbStringVariableTest"/>
  <testcase name="testTrailingWhitespace" time="0.0" classname="org.openrefine.wikidata.schema.WbStringVariableTest"/>
  <testcase name="testImpossibleForQS" time="0.001" classname="org.openrefine.wikidata.updates.scheduler.QuickStatementsUpdateSchedulerTest"/>
  <testcase name="testNoNewItem" time="0.0" classname="org.openrefine.wikidata.updates.scheduler.QuickStatementsUpdateSchedulerTest"/>
  <testcase name="testSelfEditOnNewITem" time="0.001" classname="org.openrefine.wikidata.updates.scheduler.QuickStatementsUpdateSchedulerTest"/>
  <testcase name="testSplitUpdate" time="0.001" classname="org.openrefine.wikidata.updates.scheduler.QuickStatementsUpdateSchedulerTest"/>
  <testcase name="testMerge" time="0.001" classname="org.openrefine.wikidata.updates.scheduler.QuickStatementsUpdateSchedulerTest"/>
  <testcase name="testMergeNew" time="0.001" classname="org.openrefine.wikidata.updates.scheduler.QuickStatementsUpdateSchedulerTest"/>
  <testcase name="testNewItemMentioned" time="0.001" classname="org.openrefine.wikidata.updates.scheduler.QuickStatementsUpdateSchedulerTest"/>
  <testcase name="testNewItemNotMentioned" time="0.001" classname="org.openrefine.wikidata.updates.scheduler.QuickStatementsUpdateSchedulerTest"/>
  <testcase name="printDay" time="0.001" classname="org.openrefine.wikidata.exporters.QSValuePrinterTest"/>
  <testcase name="printFullQuantity" time="0.0" classname="org.openrefine.wikidata.exporters.QSValuePrinterTest"/>
  <testcase name="printGlobeCoordinate" time="0.0" classname="org.openrefine.wikidata.exporters.QSValuePrinterTest"/>
  <testcase name="printItemId" time="0.0" classname="org.openrefine.wikidata.exporters.QSValuePrinterTest"/>
  <testcase name="printMonolingualTextValue" time="0.0" classname="org.openrefine.wikidata.exporters.QSValuePrinterTest"/>
  <testcase name="printNewItemId" time="0.0" classname="org.openrefine.wikidata.exporters.QSValuePrinterTest"/>
  <testcase name="printPropertyId" time="0.0" classname="org.openrefine.wikidata.exporters.QSValuePrinterTest"/>
  <testcase name="printQuantityValueWithBounds" time="0.0" classname="org.openrefine.wikidata.exporters.QSValuePrinterTest"/>
  <testcase name="printQuantityValueWithUnit" time="0.0" classname="org.openrefine.wikidata.exporters.QSValuePrinterTest"/>
  <testcase name="printSimpleQuantityValue" time="0.0" classname="org.openrefine.wikidata.exporters.QSValuePrinterTest"/>
  <testcase name="printString" time="0.001" classname="org.openrefine.wikidata.exporters.QSValuePrinterTest"/>
  <testcase name="printYear" time="0.0" classname="org.openrefine.wikidata.exporters.QSValuePrinterTest"/>
  <testcase name="testTrigger" time="0.0" classname="org.openrefine.wikidata.qa.scrutinizers.DistinctValuesScrutinizerTest"/>
  <testcase name="testGetCellByColumnName" time="0.0" classname="org.openrefine.wikidata.schema.ExpressionContextTest"/>
  <testcase name="testGetRowId" time="0.0" classname="org.openrefine.wikidata.schema.ExpressionContextTest"/>
  <testcase name="testNonExistentColumn" time="0.0" classname="org.openrefine.wikidata.schema.ExpressionContextTest"/>
  <testcase name="testEvaluation" time="0.001" classname="org.openrefine.wikidata.schema.WbLanguageConstantTest"/>
  <testcase name="testNormalizeLanguageCode" time="0.001" classname="org.openrefine.wikidata.schema.WbLanguageConstantTest"/>
  <testcase name="testSerialization" time="0.0" classname="org.openrefine.wikidata.schema.WbLanguageConstantTest"/>
  <testcase name="testDeleteStatement" time="0.001" classname="org.openrefine.wikidata.exporters.QuickStatementsExporterTest"/>
  <testcase name="testGetContentType" time="0.0" classname="org.openrefine.wikidata.exporters.QuickStatementsExporterTest"/>
  <testcase name="testImpossibleScheduling" time="0.001" classname="org.openrefine.wikidata.exporters.QuickStatementsExporterTest"/>
  <testcase name="testNameDesc" time="0.0" classname="org.openrefine.wikidata.exporters.QuickStatementsExporterTest"/>
  <testcase name="testNoSchema" time="0.002" classname="org.openrefine.wikidata.exporters.QuickStatementsExporterTest"/>
  <testcase name="testOptionalNameDesc" time="0.0" classname="org.openrefine.wikidata.exporters.QuickStatementsExporterTest"/>
  <testcase name="testQualifier" time="0.001" classname="org.openrefine.wikidata.exporters.QuickStatementsExporterTest"/>
  <testcase name="testSimpleProject" time="0.009" classname="org.openrefine.wikidata.exporters.QuickStatementsExporterTest"/>
  <testcase name="testAllowed" time="0.001" classname="org.openrefine.wikidata.qa.scrutinizers.EntityTypeScrutinizerTest"/>
  <testcase name="testDisallowed" time="0.0" classname="org.openrefine.wikidata.qa.scrutinizers.EntityTypeScrutinizerTest"/>
  <testcase name="testEvaluate" time="0.002" classname="org.openrefine.wikidata.schema.WbDateConstantTest"/>
  <testcase name="testInvalid" time="0.001" classname="org.openrefine.wikidata.schema.WbDateConstantTest"/>
  <testcase name="testInvalidCalendar" time="0.0" classname="org.openrefine.wikidata.schema.WbDateConstantTest"/>
  <testcase name="testPartlyValid" time="0.0" classname="org.openrefine.wikidata.schema.WbDateConstantTest"/>
  <testcase name="testSerialize" time="0.002" classname="org.openrefine.wikidata.schema.WbDateConstantTest"/>
  <testcase name="testToday" time="0.002" classname="org.openrefine.wikidata.schema.WbDateConstantTest"/>
  <testcase name="testInvalidLanguageCode" time="0.0" classname="org.openrefine.wikidata.schema.WbLanguageVariableTest"/>
  <testcase name="testSerialize" time="0.002" classname="org.openrefine.wikidata.schema.WbLanguageVariableTest"/>
  <testcase name="testValidLanguageCode" time="0.001" classname="org.openrefine.wikidata.schema.WbLanguageVariableTest"/>
  <testcase name="testNoSchema" time="0.003" classname="org.openrefine.wikidata.exporters.SchemaExporterTest"/>
  <testcase name="testIncompleteMatch" time="0.001" classname="org.openrefine.wikidata.qa.scrutinizers.FormatScrutinizerTest"/>
  <testcase name="testNoIssue" time="0.0" classname="org.openrefine.wikidata.qa.scrutinizers.FormatScrutinizerTest"/>
  <testcase name="testTrigger" time="0.0" classname="org.openrefine.wikidata.qa.scrutinizers.FormatScrutinizerTest"/>
  <testcase name="testMinutesISO" time="0.0" classname="org.openrefine.wikidata.schema.WbDateVariableTest"/>
  <testcase name="testNumber" time="0.001" classname="org.openrefine.wikidata.schema.WbDateVariableTest"/>
  <testcase name="testSerialize" time="0.001" classname="org.openrefine.wikidata.schema.WbDateVariableTest"/>
  <testcase name="testSkipped" time="0.001" classname="org.openrefine.wikidata.schema.WbDateVariableTest"/>
  <testcase name="testValidFormat" time="0.001" classname="org.openrefine.wikidata.schema.WbDateVariableTest"/>
  <testcase name="testWhitespace" time="0.001" classname="org.openrefine.wikidata.schema.WbDateVariableTest"/>
  <testcase name="constructInvalid" time="0.001" classname="org.openrefine.wikidata.schema.WbLocationConstantTest"/>
  <testcase name="constructNotNumber" time="0.001" classname="org.openrefine.wikidata.schema.WbLocationConstantTest"/>
  <testcase name="constructtooManyParts" time="0.001" classname="org.openrefine.wikidata.schema.WbLocationConstantTest"/>
  <testcase name="testEvaluate" time="0.0" classname="org.openrefine.wikidata.schema.WbLocationConstantTest"/>
  <testcase name="testEvaluateWithPrecision" time="0.0" classname="org.openrefine.wikidata.schema.WbLocationConstantTest"/>
  <testcase name="testParseInvalid" time="0.001" classname="org.openrefine.wikidata.schema.WbLocationConstantTest"/>
  <testcase name="testSerialization" time="0.002" classname="org.openrefine.wikidata.schema.WbLocationConstantTest"/>
  <testcase name="testNoSymmetricClosure" time="0.001" classname="org.openrefine.wikidata.qa.scrutinizers.InverseConstaintScrutinizerTest"/>
  <testcase name="testSymmetric" time="0.0" classname="org.openrefine.wikidata.qa.scrutinizers.InverseConstaintScrutinizerTest"/>
  <testcase name="testTrigger" time="0.0" classname="org.openrefine.wikidata.qa.scrutinizers.InverseConstaintScrutinizerTest"/>
  <testcase name="testEmpty" time="0.0" classname="org.openrefine.wikidata.schema.WbLocationVariableTest"/>
  <testcase name="testOnlyOneValue" time="0.0" classname="org.openrefine.wikidata.schema.WbLocationVariableTest"/>
  <testcase name="testSerialize" time="0.0" classname="org.openrefine.wikidata.schema.WbLocationVariableTest"/>
  <testcase name="testWhitespace" time="0.0" classname="org.openrefine.wikidata.schema.WbLocationVariableTest"/>
  <testcase name="testWithComma" time="0.0" classname="org.openrefine.wikidata.schema.WbLocationVariableTest"/>
  <testcase name="testWithSlash" time="0.0" classname="org.openrefine.wikidata.schema.WbLocationVariableTest"/>
  <testcase name="testDeletedStatements" time="0.0" classname="org.openrefine.wikidata.qa.scrutinizers.NewItemScrutinizerTest"/>
  <testcase name="testEmptyItem" time="0.0" classname="org.openrefine.wikidata.qa.scrutinizers.NewItemScrutinizerTest"/>
  <testcase name="testGoodNewItem" time="0.001" classname="org.openrefine.wikidata.qa.scrutinizers.NewItemScrutinizerTest"/>
  <testcase name="testTrigger" time="0.0" classname="org.openrefine.wikidata.qa.scrutinizers.NewItemScrutinizerTest"/>
  <testcase name="testEmptyLanguageCode" time="0.0" classname="org.openrefine.wikidata.schema.WbMonolingualExprTest"/>
  <testcase name="testEmptyText" time="0.0" classname="org.openrefine.wikidata.schema.WbMonolingualExprTest"/>
  <testcase name="testEvaluateConstant" time="0.0" classname="org.openrefine.wikidata.schema.WbMonolingualExprTest"/>
  <testcase name="testEvaluateVariable" time="0.0" classname="org.openrefine.wikidata.schema.WbMonolingualExprTest"/>
  <testcase name="testInvalidLanguageCode" time="0.001" classname="org.openrefine.wikidata.schema.WbMonolingualExprTest"/>
  <testcase name="testTrim" time="0.001" classname="org.openrefine.wikidata.schema.WbMonolingualExprTest"/>
  <testcase name="testNonNull" time="0.0" classname="org.openrefine.wikidata.qa.scrutinizers.NoEditsMadeScrutinizerTest"/>
  <testcase name="testNull" time="0.001" classname="org.openrefine.wikidata.qa.scrutinizers.NoEditsMadeScrutinizerTest"/>
  <testcase name="testTrigger" time="0.0" classname="org.openrefine.wikidata.qa.scrutinizers.NoEditsMadeScrutinizerTest"/>
  <testcase name="testContributeToAlias" time="0.0" classname="org.openrefine.wikidata.schema.WbNameDescExprTest"/>
  <testcase name="testContributeToDescription" time="0.0" classname="org.openrefine.wikidata.schema.WbNameDescExprTest"/>
  <testcase name="testContributeToLabel" time="0.001" classname="org.openrefine.wikidata.schema.WbNameDescExprTest"/>
  <testcase name="testGetters" time="0.0" classname="org.openrefine.wikidata.schema.WbNameDescExprTest"/>
  <testcase name="testSerialization" time="0.001" classname="org.openrefine.wikidata.schema.WbNameDescExprTest"/>
  <testcase name="testSkipped" time="0.0" classname="org.openrefine.wikidata.schema.WbNameDescExprTest"/>
  <testcase name="testDisallowedQualifier" time="0.002" classname="org.openrefine.wikidata.qa.scrutinizers.QualifierCompatibilityScrutinizerTest"/>
  <testcase name="testGoodEdit" time="0.0" classname="org.openrefine.wikidata.qa.scrutinizers.QualifierCompatibilityScrutinizerTest"/>
  <testcase name="testMissingQualifier" time="0.0" classname="org.openrefine.wikidata.qa.scrutinizers.QualifierCompatibilityScrutinizerTest"/>
  <testcase name="testEvaluate" time="0.001" classname="org.openrefine.wikidata.schema.WbPropConstantTest"/>
  <testcase name="testSerialize" time="0.001" classname="org.openrefine.wikidata.schema.WbPropConstantTest"/>
  <testcase name="testBoundsAllowed" time="0.0" classname="org.openrefine.wikidata.qa.scrutinizers.QuantityScrutinizerTest"/>
  <testcase name="testBoundsDisallowed" time="0.0" classname="org.openrefine.wikidata.qa.scrutinizers.QuantityScrutinizerTest"/>
  <testcase name="testFractionalAllowed" time="0.0" classname="org.openrefine.wikidata.qa.scrutinizers.QuantityScrutinizerTest"/>
  <testcase name="testFractionalDisallowed" time="0.0" classname="org.openrefine.wikidata.qa.scrutinizers.QuantityScrutinizerTest"/>
  <testcase name="testGoodUnit" time="0.0" classname="org.openrefine.wikidata.qa.scrutinizers.QuantityScrutinizerTest"/>
  <testcase name="testInteger" time="0.0" classname="org.openrefine.wikidata.qa.scrutinizers.QuantityScrutinizerTest"/>
  <testcase name="testNoUnit" time="0.0" classname="org.openrefine.wikidata.qa.scrutinizers.QuantityScrutinizerTest"/>
  <testcase name="testTrailingZeros" time="0.0" classname="org.openrefine.wikidata.qa.scrutinizers.QuantityScrutinizerTest"/>
  <testcase name="testUnitForbidden" time="0.0" classname="org.openrefine.wikidata.qa.scrutinizers.QuantityScrutinizerTest"/>
  <testcase name="testUnitReqired" time="0.0" classname="org.openrefine.wikidata.qa.scrutinizers.QuantityScrutinizerTest"/>
  <testcase name="testWrongUnit" time="0.0" classname="org.openrefine.wikidata.qa.scrutinizers.QuantityScrutinizerTest"/>
  <testcase name="testExponent" time="0.0" classname="org.openrefine.wikidata.schema.WbQuantityExprTest"/>
  <testcase name="testInvalidAmountWithUnit" time="0.0" classname="org.openrefine.wikidata.schema.WbQuantityExprTest"/>
  <testcase name="testInvalidAmountWithoutUnit" time="0.0" classname="org.openrefine.wikidata.schema.WbQuantityExprTest"/>
  <testcase name="testInvalidUnitWithAmount" time="0.0" classname="org.openrefine.wikidata.schema.WbQuantityExprTest"/>
  <testcase name="testWithUnit" time="0.0" classname="org.openrefine.wikidata.schema.WbQuantityExprTest"/>
  <testcase name="testWithoutUnit" time="0.0" classname="org.openrefine.wikidata.schema.WbQuantityExprTest"/>
  <testcase name="testNoProblem" time="0.0" classname="org.openrefine.wikidata.qa.scrutinizers.RestrictedPositionScrutinizerTest"/>
  <testcase name="testNotRestricted" time="0.001" classname="org.openrefine.wikidata.qa.scrutinizers.RestrictedPositionScrutinizerTest"/>
  <testcase name="testTriggerMainSnak" time="0.0" classname="org.openrefine.wikidata.qa.scrutinizers.RestrictedPositionScrutinizerTest"/>
  <testcase name="testTriggerReference" time="0.0" classname="org.openrefine.wikidata.qa.scrutinizers.RestrictedPositionScrutinizerTest"/>
  <testcase name="testEvaluate" time="0.001" classname="org.openrefine.wikidata.schema.WbReferenceExprTest"/>
  <testcase name="testEvaluateWithOneSkip" time="0.0" classname="org.openrefine.wikidata.schema.WbReferenceExprTest"/>
  <testcase name="testNoValidSnak" time="0.0" classname="org.openrefine.wikidata.schema.WbReferenceExprTest"/>
  <testcase name="testSerialize" time="0.001" classname="org.openrefine.wikidata.schema.WbReferenceExprTest"/>
  <testcase name="testAllowedValue" time="0.0" classname="org.openrefine.wikidata.qa.scrutinizers.RestrictedValuesScrutinizerTest"/>
  <testcase name="testAllowedValueFailing" time="0.001" classname="org.openrefine.wikidata.qa.scrutinizers.RestrictedValuesScrutinizerTest"/>
  <testcase name="testDisallowedValue" time="0.0" classname="org.openrefine.wikidata.qa.scrutinizers.RestrictedValuesScrutinizerTest"/>
  <testcase name="testDisallowedValueFailing" time="0.0" classname="org.openrefine.wikidata.qa.scrutinizers.RestrictedValuesScrutinizerTest"/>
  <testcase name="testNoConstraint" time="0.001" classname="org.openrefine.wikidata.qa.scrutinizers.RestrictedValuesScrutinizerTest"/>
  <testcase name="testEvaluate" time="0.001" classname="org.openrefine.wikidata.schema.WbSnakExprTest"/>
  <testcase name="testSerialize" time="0.001" classname="org.openrefine.wikidata.schema.WbSnakExprTest"/>
</testsuite> <!-- tests -->
