<?xml version="1.0" encoding="UTF-8"?>
<!-- Generated by org.testng.reporters.JUnitXMLReporter -->
<testsuite hostname="DESKTOP-R5SQ9ER" name="tests" tests="2" failures="0" timestamp="6 Nov 2019 13:11:51 GMT" time="4.389" errors="0">
  <testcase name="testWrappedObjectsHaveAttributes" time="4.167" classname="com.google.refine.jython.JythonAttributeTest"/>
  <testcase name="testJythonConcurrent" time="0.204" classname="com.google.refine.jython.JythonEvaluableTest"/>
</testsuite> <!-- tests -->
