<?xml version="1.0" encoding="UTF-8"?>
<!-- Generated by org.testng.reporters.JUnitXMLReporter -->
<testsuite hostname="DESKTOP-R5SQ9ER" name="tests" tests="2" failures="0" timestamp="8 Nov 2019 12:13:50 GMT" time="5.534" errors="0">
  <testcase name="testWrappedObjectsHaveAttributes" time="5.383" classname="com.google.refine.jython.JythonAttributeTest"/>
  <testcase name="testJythonConcurrent" time="0.138" classname="com.google.refine.jython.JythonEvaluableTest"/>
</testsuite> <!-- tests -->
